<?xml version="1.0" encoding="UTF-8"?>
<testsuite xmlns:xsi="http://www.w3.org/2001/XMLSchema-instance" xsi:noNamespaceSchemaLocation="https://maven.apache.org/surefire/maven-surefire-plugin/xsd/surefire-test-report.xsd" version="3.0.2" name="com.localtechsupport.repository.TechnicianSkillRepositoryTest$TrainingNeedsTests" time="0.135" tests="7" errors="0" skipped="0" failures="0">
  <properties>
    <property name="java.specification.version" value="23"/>
    <property name="sun.jnu.encoding" value="UTF-8"/>
    <property name="java.class.path" value="/Users/danielefford/Documents/SD12/04-DevOps/local-tech-support-server/target/test-classes:/Users/danielefford/Documents/SD12/04-DevOps/local-tech-support-server/target/classes:/Users/danielefford/.m2/repository/org/springframework/boot/spring-boot-starter-data-jpa/3.5.0/spring-boot-starter-data-jpa-3.5.0.jar:/Users/danielefford/.m2/repository/org/springframework/boot/spring-boot-starter/3.5.0/spring-boot-starter-3.5.0.jar:/Users/danielefford/.m2/repository/org/springframework/boot/spring-boot-starter-logging/3.5.0/spring-boot-starter-logging-3.5.0.jar:/Users/danielefford/.m2/repository/ch/qos/logback/logback-classic/1.5.18/logback-classic-1.5.18.jar:/Users/danielefford/.m2/repository/ch/qos/logback/logback-core/1.5.18/logback-core-1.5.18.jar:/Users/danielefford/.m2/repository/org/apache/logging/log4j/log4j-to-slf4j/2.24.3/log4j-to-slf4j-2.24.3.jar:/Users/danielefford/.m2/repository/org/apache/logging/log4j/log4j-api/2.24.3/log4j-api-2.24.3.jar:/Users/danielefford/.m2/repository/org/slf4j/jul-to-slf4j/2.0.17/jul-to-slf4j-2.0.17.jar:/Users/danielefford/.m2/repository/jakarta/annotation/jakarta.annotation-api/2.1.1/jakarta.annotation-api-2.1.1.jar:/Users/danielefford/.m2/repository/org/yaml/snakeyaml/2.4/snakeyaml-2.4.jar:/Users/danielefford/.m2/repository/org/springframework/boot/spring-boot-starter-jdbc/3.5.0/spring-boot-starter-jdbc-3.5.0.jar:/Users/danielefford/.m2/repository/com/zaxxer/HikariCP/6.3.0/HikariCP-6.3.0.jar:/Users/danielefford/.m2/repository/org/springframework/spring-jdbc/6.2.7/spring-jdbc-6.2.7.jar:/Users/danielefford/.m2/repository/org/hibernate/orm/hibernate-core/6.6.15.Final/hibernate-core-6.6.15.Final.jar:/Users/danielefford/.m2/repository/jakarta/persistence/jakarta.persistence-api/3.1.0/jakarta.persistence-api-3.1.0.jar:/Users/danielefford/.m2/repository/jakarta/transaction/jakarta.transaction-api/2.0.1/jakarta.transaction-api-2.0.1.jar:/Users/danielefford/.m2/repository/org/jboss/logging/jboss-logging/3.6.1.Final/jboss-logging-3.6.1.Final.jar:/Users/danielefford/.m2/repository/org/hibernate/common/hibernate-commons-annotations/7.0.3.Final/hibernate-commons-annotations-7.0.3.Final.jar:/Users/danielefford/.m2/repository/io/smallrye/jandex/3.2.0/jandex-3.2.0.jar:/Users/danielefford/.m2/repository/com/fasterxml/classmate/1.7.0/classmate-1.7.0.jar:/Users/danielefford/.m2/repository/net/bytebuddy/byte-buddy/1.17.5/byte-buddy-1.17.5.jar:/Users/danielefford/.m2/repository/org/glassfish/jaxb/jaxb-runtime/4.0.5/jaxb-runtime-4.0.5.jar:/Users/danielefford/.m2/repository/org/glassfish/jaxb/jaxb-core/4.0.5/jaxb-core-4.0.5.jar:/Users/danielefford/.m2/repository/org/eclipse/angus/angus-activation/2.0.2/angus-activation-2.0.2.jar:/Users/danielefford/.m2/repository/org/glassfish/jaxb/txw2/4.0.5/txw2-4.0.5.jar:/Users/danielefford/.m2/repository/com/sun/istack/istack-commons-runtime/4.1.2/istack-commons-runtime-4.1.2.jar:/Users/danielefford/.m2/repository/jakarta/inject/jakarta.inject-api/2.0.1/jakarta.inject-api-2.0.1.jar:/Users/danielefford/.m2/repository/org/antlr/antlr4-runtime/4.13.0/antlr4-runtime-4.13.0.jar:/Users/danielefford/.m2/repository/org/springframework/data/spring-data-jpa/3.5.0/spring-data-jpa-3.5.0.jar:/Users/danielefford/.m2/repository/org/springframework/data/spring-data-commons/3.5.0/spring-data-commons-3.5.0.jar:/Users/danielefford/.m2/repository/org/springframework/spring-orm/6.2.7/spring-orm-6.2.7.jar:/Users/danielefford/.m2/repository/org/springframework/spring-context/6.2.7/spring-context-6.2.7.jar:/Users/danielefford/.m2/repository/org/springframework/spring-aop/6.2.7/spring-aop-6.2.7.jar:/Users/danielefford/.m2/repository/org/springframework/spring-tx/6.2.7/spring-tx-6.2.7.jar:/Users/danielefford/.m2/repository/org/springframework/spring-beans/6.2.7/spring-beans-6.2.7.jar:/Users/danielefford/.m2/repository/org/slf4j/slf4j-api/2.0.17/slf4j-api-2.0.17.jar:/Users/danielefford/.m2/repository/org/springframework/spring-aspects/6.2.7/spring-aspects-6.2.7.jar:/Users/danielefford/.m2/repository/org/aspectj/aspectjweaver/1.9.24/aspectjweaver-1.9.24.jar:/Users/danielefford/.m2/repository/org/springframework/boot/spring-boot-starter-web/3.5.0/spring-boot-starter-web-3.5.0.jar:/Users/danielefford/.m2/repository/org/springframework/boot/spring-boot-starter-json/3.5.0/spring-boot-starter-json-3.5.0.jar:/Users/danielefford/.m2/repository/com/fasterxml/jackson/core/jackson-databind/2.19.0/jackson-databind-2.19.0.jar:/Users/danielefford/.m2/repository/com/fasterxml/jackson/core/jackson-annotations/2.19.0/jackson-annotations-2.19.0.jar:/Users/danielefford/.m2/repository/com/fasterxml/jackson/core/jackson-core/2.19.0/jackson-core-2.19.0.jar:/Users/danielefford/.m2/repository/com/fasterxml/jackson/datatype/jackson-datatype-jdk8/2.19.0/jackson-datatype-jdk8-2.19.0.jar:/Users/danielefford/.m2/repository/com/fasterxml/jackson/datatype/jackson-datatype-jsr310/2.19.0/jackson-datatype-jsr310-2.19.0.jar:/Users/danielefford/.m2/repository/com/fasterxml/jackson/module/jackson-module-parameter-names/2.19.0/jackson-module-parameter-names-2.19.0.jar:/Users/danielefford/.m2/repository/org/springframework/boot/spring-boot-starter-tomcat/3.5.0/spring-boot-starter-tomcat-3.5.0.jar:/Users/danielefford/.m2/repository/org/apache/tomcat/embed/tomcat-embed-core/10.1.41/tomcat-embed-core-10.1.41.jar:/Users/danielefford/.m2/repository/org/apache/tomcat/embed/tomcat-embed-websocket/10.1.41/tomcat-embed-websocket-10.1.41.jar:/Users/danielefford/.m2/repository/org/springframework/spring-web/6.2.7/spring-web-6.2.7.jar:/Users/danielefford/.m2/repository/io/micrometer/micrometer-observation/1.15.0/micrometer-observation-1.15.0.jar:/Users/danielefford/.m2/repository/io/micrometer/micrometer-commons/1.15.0/micrometer-commons-1.15.0.jar:/Users/danielefford/.m2/repository/org/springframework/spring-webmvc/6.2.7/spring-webmvc-6.2.7.jar:/Users/danielefford/.m2/repository/org/springframework/spring-expression/6.2.7/spring-expression-6.2.7.jar:/Users/danielefford/.m2/repository/org/springframework/boot/spring-boot-devtools/3.5.0/spring-boot-devtools-3.5.0.jar:/Users/danielefford/.m2/repository/org/springframework/boot/spring-boot/3.5.0/spring-boot-3.5.0.jar:/Users/danielefford/.m2/repository/org/springframework/boot/spring-boot-autoconfigure/3.5.0/spring-boot-autoconfigure-3.5.0.jar:/Users/danielefford/.m2/repository/com/h2database/h2/2.3.232/h2-2.3.232.jar:/Users/danielefford/.m2/repository/org/projectlombok/lombok/1.18.36/lombok-1.18.36.jar:/Users/danielefford/.m2/repository/com/mysql/mysql-connector-j/9.2.0/mysql-connector-j-9.2.0.jar:/Users/danielefford/.m2/repository/org/springframework/boot/spring-boot-starter-validation/3.5.0/spring-boot-starter-validation-3.5.0.jar:/Users/danielefford/.m2/repository/org/apache/tomcat/embed/tomcat-embed-el/10.1.41/tomcat-embed-el-10.1.41.jar:/Users/danielefford/.m2/repository/org/hibernate/validator/hibernate-validator/8.0.2.Final/hibernate-validator-8.0.2.Final.jar:/Users/danielefford/.m2/repository/jakarta/validation/jakarta.validation-api/3.0.2/jakarta.validation-api-3.0.2.jar:/Users/danielefford/.m2/repository/org/springframework/boot/spring-boot-starter-test/3.5.0/spring-boot-starter-test-3.5.0.jar:/Users/danielefford/.m2/repository/org/springframework/boot/spring-boot-test/3.5.0/spring-boot-test-3.5.0.jar:/Users/danielefford/.m2/repository/org/springframework/boot/spring-boot-test-autoconfigure/3.5.0/spring-boot-test-autoconfigure-3.5.0.jar:/Users/danielefford/.m2/repository/com/jayway/jsonpath/json-path/2.9.0/json-path-2.9.0.jar:/Users/danielefford/.m2/repository/jakarta/xml/bind/jakarta.xml.bind-api/4.0.2/jakarta.xml.bind-api-4.0.2.jar:/Users/danielefford/.m2/repository/jakarta/activation/jakarta.activation-api/2.1.3/jakarta.activation-api-2.1.3.jar:/Users/danielefford/.m2/repository/net/minidev/json-smart/2.5.2/json-smart-2.5.2.jar:/Users/danielefford/.m2/repository/net/minidev/accessors-smart/2.5.2/accessors-smart-2.5.2.jar:/Users/danielefford/.m2/repository/org/ow2/asm/asm/9.7.1/asm-9.7.1.jar:/Users/danielefford/.m2/repository/org/assertj/assertj-core/3.27.3/assertj-core-3.27.3.jar:/Users/danielefford/.m2/repository/org/awaitility/awaitility/4.3.0/awaitility-4.3.0.jar:/Users/danielefford/.m2/repository/org/hamcrest/hamcrest/3.0/hamcrest-3.0.jar:/Users/danielefford/.m2/repository/org/junit/jupiter/junit-jupiter/5.12.2/junit-jupiter-5.12.2.jar:/Users/danielefford/.m2/repository/org/junit/jupiter/junit-jupiter-api/5.12.2/junit-jupiter-api-5.12.2.jar:/Users/danielefford/.m2/repository/org/opentest4j/opentest4j/1.3.0/opentest4j-1.3.0.jar:/Users/danielefford/.m2/repository/org/junit/platform/junit-platform-commons/1.12.2/junit-platform-commons-1.12.2.jar:/Users/danielefford/.m2/repository/org/apiguardian/apiguardian-api/1.1.2/apiguardian-api-1.1.2.jar:/Users/danielefford/.m2/repository/org/junit/jupiter/junit-jupiter-params/5.12.2/junit-jupiter-params-5.12.2.jar:/Users/danielefford/.m2/repository/org/junit/jupiter/junit-jupiter-engine/5.12.2/junit-jupiter-engine-5.12.2.jar:/Users/danielefford/.m2/repository/org/junit/platform/junit-platform-engine/1.12.2/junit-platform-engine-1.12.2.jar:/Users/danielefford/.m2/repository/org/mockito/mockito-core/5.17.0/mockito-core-5.17.0.jar:/Users/danielefford/.m2/repository/net/bytebuddy/byte-buddy-agent/1.17.5/byte-buddy-agent-1.17.5.jar:/Users/danielefford/.m2/repository/org/objenesis/objenesis/3.3/objenesis-3.3.jar:/Users/danielefford/.m2/repository/org/mockito/mockito-junit-jupiter/5.17.0/mockito-junit-jupiter-5.17.0.jar:/Users/danielefford/.m2/repository/org/skyscreamer/jsonassert/1.5.3/jsonassert-1.5.3.jar:/Users/danielefford/.m2/repository/com/vaadin/external/google/android-json/0.0.20131108.vaadin1/android-json-0.0.20131108.vaadin1.jar:/Users/danielefford/.m2/repository/org/springframework/spring-core/6.2.7/spring-core-6.2.7.jar:/Users/danielefford/.m2/repository/org/springframework/spring-jcl/6.2.7/spring-jcl-6.2.7.jar:/Users/danielefford/.m2/repository/org/springframework/spring-test/6.2.7/spring-test-6.2.7.jar:/Users/danielefford/.m2/repository/org/xmlunit/xmlunit-core/2.10.1/xmlunit-core-2.10.1.jar:/Users/danielefford/.m2/repository/com/unboundid/unboundid-ldapsdk/7.0.2/unboundid-ldapsdk-7.0.2.jar:"/>
    <property name="java.vm.vendor" value="Homebrew"/>
    <property name="sun.arch.data.model" value="64"/>
    <property name="java.vendor.url" value="https://github.com/Homebrew/homebrew-core/issues"/>
    <property name="user.timezone" value="America/St_Johns"/>
    <property name="org.jboss.logging.provider" value="slf4j"/>
    <property name="os.name" value="Mac OS X"/>
    <property name="java.vm.specification.version" value="23"/>
    <property name="APPLICATION_NAME" value="tech-support-server"/>
    <property name="sun.java.launcher" value="SUN_STANDARD"/>
    <property name="user.country" value="CA"/>
    <property name="sun.boot.library.path" value="/opt/homebrew/Cellar/openjdk/23.0.2/libexec/openjdk.jdk/Contents/Home/lib"/>
    <property name="sun.java.command" value="/Users/danielefford/Documents/SD12/04-DevOps/local-tech-support-server/target/surefire/surefirebooter-20250623160651013_3.jar /Users/danielefford/Documents/SD12/04-DevOps/local-tech-support-server/target/surefire 2025-06-23T16-06-50_946-jvmRun1 surefire-20250623160651013_1tmp surefire_0-20250623160651013_2tmp"/>
    <property name="http.nonProxyHosts" value="local|*.local|169.254/16|*.169.254/16"/>
    <property name="jdk.debug" value="release"/>
    <property name="test" value="TechnicianSkillRepositoryTest"/>
    <property name="surefire.test.class.path" value="/Users/danielefford/Documents/SD12/04-DevOps/local-tech-support-server/target/test-classes:/Users/danielefford/Documents/SD12/04-DevOps/local-tech-support-server/target/classes:/Users/danielefford/.m2/repository/org/springframework/boot/spring-boot-starter-data-jpa/3.5.0/spring-boot-starter-data-jpa-3.5.0.jar:/Users/danielefford/.m2/repository/org/springframework/boot/spring-boot-starter/3.5.0/spring-boot-starter-3.5.0.jar:/Users/danielefford/.m2/repository/org/springframework/boot/spring-boot-starter-logging/3.5.0/spring-boot-starter-logging-3.5.0.jar:/Users/danielefford/.m2/repository/ch/qos/logback/logback-classic/1.5.18/logback-classic-1.5.18.jar:/Users/danielefford/.m2/repository/ch/qos/logback/logback-core/1.5.18/logback-core-1.5.18.jar:/Users/danielefford/.m2/repository/org/apache/logging/log4j/log4j-to-slf4j/2.24.3/log4j-to-slf4j-2.24.3.jar:/Users/danielefford/.m2/repository/org/apache/logging/log4j/log4j-api/2.24.3/log4j-api-2.24.3.jar:/Users/danielefford/.m2/repository/org/slf4j/jul-to-slf4j/2.0.17/jul-to-slf4j-2.0.17.jar:/Users/danielefford/.m2/repository/jakarta/annotation/jakarta.annotation-api/2.1.1/jakarta.annotation-api-2.1.1.jar:/Users/danielefford/.m2/repository/org/yaml/snakeyaml/2.4/snakeyaml-2.4.jar:/Users/danielefford/.m2/repository/org/springframework/boot/spring-boot-starter-jdbc/3.5.0/spring-boot-starter-jdbc-3.5.0.jar:/Users/danielefford/.m2/repository/com/zaxxer/HikariCP/6.3.0/HikariCP-6.3.0.jar:/Users/danielefford/.m2/repository/org/springframework/spring-jdbc/6.2.7/spring-jdbc-6.2.7.jar:/Users/danielefford/.m2/repository/org/hibernate/orm/hibernate-core/6.6.15.Final/hibernate-core-6.6.15.Final.jar:/Users/danielefford/.m2/repository/jakarta/persistence/jakarta.persistence-api/3.1.0/jakarta.persistence-api-3.1.0.jar:/Users/danielefford/.m2/repository/jakarta/transaction/jakarta.transaction-api/2.0.1/jakarta.transaction-api-2.0.1.jar:/Users/danielefford/.m2/repository/org/jboss/logging/jboss-logging/3.6.1.Final/jboss-logging-3.6.1.Final.jar:/Users/danielefford/.m2/repository/org/hibernate/common/hibernate-commons-annotations/7.0.3.Final/hibernate-commons-annotations-7.0.3.Final.jar:/Users/danielefford/.m2/repository/io/smallrye/jandex/3.2.0/jandex-3.2.0.jar:/Users/danielefford/.m2/repository/com/fasterxml/classmate/1.7.0/classmate-1.7.0.jar:/Users/danielefford/.m2/repository/net/bytebuddy/byte-buddy/1.17.5/byte-buddy-1.17.5.jar:/Users/danielefford/.m2/repository/org/glassfish/jaxb/jaxb-runtime/4.0.5/jaxb-runtime-4.0.5.jar:/Users/danielefford/.m2/repository/org/glassfish/jaxb/jaxb-core/4.0.5/jaxb-core-4.0.5.jar:/Users/danielefford/.m2/repository/org/eclipse/angus/angus-activation/2.0.2/angus-activation-2.0.2.jar:/Users/danielefford/.m2/repository/org/glassfish/jaxb/txw2/4.0.5/txw2-4.0.5.jar:/Users/danielefford/.m2/repository/com/sun/istack/istack-commons-runtime/4.1.2/istack-commons-runtime-4.1.2.jar:/Users/danielefford/.m2/repository/jakarta/inject/jakarta.inject-api/2.0.1/jakarta.inject-api-2.0.1.jar:/Users/danielefford/.m2/repository/org/antlr/antlr4-runtime/4.13.0/antlr4-runtime-4.13.0.jar:/Users/danielefford/.m2/repository/org/springframework/data/spring-data-jpa/3.5.0/spring-data-jpa-3.5.0.jar:/Users/danielefford/.m2/repository/org/springframework/data/spring-data-commons/3.5.0/spring-data-commons-3.5.0.jar:/Users/danielefford/.m2/repository/org/springframework/spring-orm/6.2.7/spring-orm-6.2.7.jar:/Users/danielefford/.m2/repository/org/springframework/spring-context/6.2.7/spring-context-6.2.7.jar:/Users/danielefford/.m2/repository/org/springframework/spring-aop/6.2.7/spring-aop-6.2.7.jar:/Users/danielefford/.m2/repository/org/springframework/spring-tx/6.2.7/spring-tx-6.2.7.jar:/Users/danielefford/.m2/repository/org/springframework/spring-beans/6.2.7/spring-beans-6.2.7.jar:/Users/danielefford/.m2/repository/org/slf4j/slf4j-api/2.0.17/slf4j-api-2.0.17.jar:/Users/danielefford/.m2/repository/org/springframework/spring-aspects/6.2.7/spring-aspects-6.2.7.jar:/Users/danielefford/.m2/repository/org/aspectj/aspectjweaver/1.9.24/aspectjweaver-1.9.24.jar:/Users/danielefford/.m2/repository/org/springframework/boot/spring-boot-starter-web/3.5.0/spring-boot-starter-web-3.5.0.jar:/Users/danielefford/.m2/repository/org/springframework/boot/spring-boot-starter-json/3.5.0/spring-boot-starter-json-3.5.0.jar:/Users/danielefford/.m2/repository/com/fasterxml/jackson/core/jackson-databind/2.19.0/jackson-databind-2.19.0.jar:/Users/danielefford/.m2/repository/com/fasterxml/jackson/core/jackson-annotations/2.19.0/jackson-annotations-2.19.0.jar:/Users/danielefford/.m2/repository/com/fasterxml/jackson/core/jackson-core/2.19.0/jackson-core-2.19.0.jar:/Users/danielefford/.m2/repository/com/fasterxml/jackson/datatype/jackson-datatype-jdk8/2.19.0/jackson-datatype-jdk8-2.19.0.jar:/Users/danielefford/.m2/repository/com/fasterxml/jackson/datatype/jackson-datatype-jsr310/2.19.0/jackson-datatype-jsr310-2.19.0.jar:/Users/danielefford/.m2/repository/com/fasterxml/jackson/module/jackson-module-parameter-names/2.19.0/jackson-module-parameter-names-2.19.0.jar:/Users/danielefford/.m2/repository/org/springframework/boot/spring-boot-starter-tomcat/3.5.0/spring-boot-starter-tomcat-3.5.0.jar:/Users/danielefford/.m2/repository/org/apache/tomcat/embed/tomcat-embed-core/10.1.41/tomcat-embed-core-10.1.41.jar:/Users/danielefford/.m2/repository/org/apache/tomcat/embed/tomcat-embed-websocket/10.1.41/tomcat-embed-websocket-10.1.41.jar:/Users/danielefford/.m2/repository/org/springframework/spring-web/6.2.7/spring-web-6.2.7.jar:/Users/danielefford/.m2/repository/io/micrometer/micrometer-observation/1.15.0/micrometer-observation-1.15.0.jar:/Users/danielefford/.m2/repository/io/micrometer/micrometer-commons/1.15.0/micrometer-commons-1.15.0.jar:/Users/danielefford/.m2/repository/org/springframework/spring-webmvc/6.2.7/spring-webmvc-6.2.7.jar:/Users/danielefford/.m2/repository/org/springframework/spring-expression/6.2.7/spring-expression-6.2.7.jar:/Users/danielefford/.m2/repository/org/springframework/boot/spring-boot-devtools/3.5.0/spring-boot-devtools-3.5.0.jar:/Users/danielefford/.m2/repository/org/springframework/boot/spring-boot/3.5.0/spring-boot-3.5.0.jar:/Users/danielefford/.m2/repository/org/springframework/boot/spring-boot-autoconfigure/3.5.0/spring-boot-autoconfigure-3.5.0.jar:/Users/danielefford/.m2/repository/com/h2database/h2/2.3.232/h2-2.3.232.jar:/Users/danielefford/.m2/repository/org/projectlombok/lombok/1.18.36/lombok-1.18.36.jar:/Users/danielefford/.m2/repository/com/mysql/mysql-connector-j/9.2.0/mysql-connector-j-9.2.0.jar:/Users/danielefford/.m2/repository/org/springframework/boot/spring-boot-starter-validation/3.5.0/spring-boot-starter-validation-3.5.0.jar:/Users/danielefford/.m2/repository/org/apache/tomcat/embed/tomcat-embed-el/10.1.41/tomcat-embed-el-10.1.41.jar:/Users/danielefford/.m2/repository/org/hibernate/validator/hibernate-validator/8.0.2.Final/hibernate-validator-8.0.2.Final.jar:/Users/danielefford/.m2/repository/jakarta/validation/jakarta.validation-api/3.0.2/jakarta.validation-api-3.0.2.jar:/Users/danielefford/.m2/repository/org/springframework/boot/spring-boot-starter-test/3.5.0/spring-boot-starter-test-3.5.0.jar:/Users/danielefford/.m2/repository/org/springframework/boot/spring-boot-test/3.5.0/spring-boot-test-3.5.0.jar:/Users/danielefford/.m2/repository/org/springframework/boot/spring-boot-test-autoconfigure/3.5.0/spring-boot-test-autoconfigure-3.5.0.jar:/Users/danielefford/.m2/repository/com/jayway/jsonpath/json-path/2.9.0/json-path-2.9.0.jar:/Users/danielefford/.m2/repository/jakarta/xml/bind/jakarta.xml.bind-api/4.0.2/jakarta.xml.bind-api-4.0.2.jar:/Users/danielefford/.m2/repository/jakarta/activation/jakarta.activation-api/2.1.3/jakarta.activation-api-2.1.3.jar:/Users/danielefford/.m2/repository/net/minidev/json-smart/2.5.2/json-smart-2.5.2.jar:/Users/danielefford/.m2/repository/net/minidev/accessors-smart/2.5.2/accessors-smart-2.5.2.jar:/Users/danielefford/.m2/repository/org/ow2/asm/asm/9.7.1/asm-9.7.1.jar:/Users/danielefford/.m2/repository/org/assertj/assertj-core/3.27.3/assertj-core-3.27.3.jar:/Users/danielefford/.m2/repository/org/awaitility/awaitility/4.3.0/awaitility-4.3.0.jar:/Users/danielefford/.m2/repository/org/hamcrest/hamcrest/3.0/hamcrest-3.0.jar:/Users/danielefford/.m2/repository/org/junit/jupiter/junit-jupiter/5.12.2/junit-jupiter-5.12.2.jar:/Users/danielefford/.m2/repository/org/junit/jupiter/junit-jupiter-api/5.12.2/junit-jupiter-api-5.12.2.jar:/Users/danielefford/.m2/repository/org/opentest4j/opentest4j/1.3.0/opentest4j-1.3.0.jar:/Users/danielefford/.m2/repository/org/junit/platform/junit-platform-commons/1.12.2/junit-platform-commons-1.12.2.jar:/Users/danielefford/.m2/repository/org/apiguardian/apiguardian-api/1.1.2/apiguardian-api-1.1.2.jar:/Users/danielefford/.m2/repository/org/junit/jupiter/junit-jupiter-params/5.12.2/junit-jupiter-params-5.12.2.jar:/Users/danielefford/.m2/repository/org/junit/jupiter/junit-jupiter-engine/5.12.2/junit-jupiter-engine-5.12.2.jar:/Users/danielefford/.m2/repository/org/junit/platform/junit-platform-engine/1.12.2/junit-platform-engine-1.12.2.jar:/Users/danielefford/.m2/repository/org/mockito/mockito-core/5.17.0/mockito-core-5.17.0.jar:/Users/danielefford/.m2/repository/net/bytebuddy/byte-buddy-agent/1.17.5/byte-buddy-agent-1.17.5.jar:/Users/danielefford/.m2/repository/org/objenesis/objenesis/3.3/objenesis-3.3.jar:/Users/danielefford/.m2/repository/org/mockito/mockito-junit-jupiter/5.17.0/mockito-junit-jupiter-5.17.0.jar:/Users/danielefford/.m2/repository/org/skyscreamer/jsonassert/1.5.3/jsonassert-1.5.3.jar:/Users/danielefford/.m2/repository/com/vaadin/external/google/android-json/0.0.20131108.vaadin1/android-json-0.0.20131108.vaadin1.jar:/Users/danielefford/.m2/repository/org/springframework/spring-core/6.2.7/spring-core-6.2.7.jar:/Users/danielefford/.m2/repository/org/springframework/spring-jcl/6.2.7/spring-jcl-6.2.7.jar:/Users/danielefford/.m2/repository/org/springframework/spring-test/6.2.7/spring-test-6.2.7.jar:/Users/danielefford/.m2/repository/org/xmlunit/xmlunit-core/2.10.1/xmlunit-core-2.10.1.jar:/Users/danielefford/.m2/repository/com/unboundid/unboundid-ldapsdk/7.0.2/unboundid-ldapsdk-7.0.2.jar:"/>
    <property name="sun.cpu.endian" value="little"/>
    <property name="user.home" value="/Users/danielefford"/>
    <property name="user.language" value="en"/>
    <property name="java.specification.vendor" value="Oracle Corporation"/>
    <property name="java.version.date" value="2025-01-21"/>
    <property name="java.home" value="/opt/homebrew/Cellar/openjdk/23.0.2/libexec/openjdk.jdk/Contents/Home"/>
    <property name="file.separator" value="/"/>
    <property name="basedir" value="/Users/danielefford/Documents/SD12/04-DevOps/local-tech-support-server"/>
    <property name="java.vm.compressedOopsMode" value="Zero based"/>
    <property name="line.separator" value="&#10;"/>
    <property name="java.vm.specification.vendor" value="Oracle Corporation"/>
    <property name="java.specification.name" value="Java Platform API Specification"/>
    <property name="FILE_LOG_CHARSET" value="UTF-8"/>
    <property name="java.awt.headless" value="true"/>
    <property name="apple.awt.application.name" value="ForkedBooter"/>
    <property name="surefire.real.class.path" value="/Users/danielefford/Documents/SD12/04-DevOps/local-tech-support-server/target/surefire/surefirebooter-20250623160651013_3.jar"/>
    <property name="sun.management.compiler" value="HotSpot 64-Bit Tiered Compilers"/>
    <property name="ftp.nonProxyHosts" value="local|*.local|169.254/16|*.169.254/16"/>
    <property name="java.runtime.version" value="23.0.2"/>
    <property name="user.name" value="danielefford"/>
    <property name="stdout.encoding" value="UTF-8"/>
    <property name="path.separator" value=":"/>
    <property name="os.version" value="14.5"/>
    <property name="java.runtime.name" value="OpenJDK Runtime Environment"/>
    <property name="file.encoding" value="UTF-8"/>
    <property name="java.vm.name" value="OpenJDK 64-Bit Server VM"/>
    <property name="java.vendor.version" value="Homebrew"/>
    <property name="localRepository" value="/Users/danielefford/.m2/repository"/>
    <property name="java.vendor.url.bug" value="https://github.com/Homebrew/homebrew-core/issues"/>
    <property name="java.io.tmpdir" value="/var/folders/31/ff4c8zz556b39j3nz1fsbr7c0000gn/T/"/>
    <property name="java.version" value="23.0.2"/>
    <property name="user.dir" value="/Users/danielefford/Documents/SD12/04-DevOps/local-tech-support-server"/>
    <property name="os.arch" value="aarch64"/>
    <property name="java.vm.specification.name" value="Java Virtual Machine Specification"/>
    <property name="PID" value="75911"/>
    <property name="CONSOLE_LOG_CHARSET" value="UTF-8"/>
    <property name="native.encoding" value="UTF-8"/>
    <property name="java.library.path" value="/Users/danielefford/Library/Java/Extensions:/Library/Java/Extensions:/Network/Library/Java/Extensions:/System/Library/Java/Extensions:/usr/lib/java:."/>
    <property name="java.vm.info" value="mixed mode, sharing"/>
    <property name="stderr.encoding" value="UTF-8"/>
    <property name="java.vendor" value="Homebrew"/>
    <property name="java.vm.version" value="23.0.2"/>
    <property name="sun.io.unicode.encoding" value="UnicodeBig"/>
    <property name="socksNonProxyHosts" value="local|*.local|169.254/16|*.169.254/16"/>
    <property name="java.class.version" value="67.0"/>
    <property name="LOGGED_APPLICATION_NAME" value="[tech-support-server] "/>
  </properties>
  <testcase name="shouldReturnEmptyWhenAllTechniciansHaveSkills" classname="com.localtechsupport.repository.TechnicianSkillRepositoryTest$TrainingNeedsTests" time="0.041">
    <system-out><![CDATA[2025-06-23T16:07:03.755-02:30  INFO 75911 --- [tech-support-server] [           main] t.c.s.AnnotationConfigContextLoaderUtils : Could not detect default configuration classes for test class [com.localtechsupport.repository.TechnicianSkillRepositoryTest$TrainingNeedsTests]: TrainingNeedsTests does not declare any static, non-private, non-final, nested classes annotated with @Configuration.
2025-06-23T16:07:03.761-02:30  INFO 75911 --- [tech-support-server] [           main] .b.t.c.SpringBootTestContextBootstrapper : Found @SpringBootConfiguration com.localtechsupport.TechSupportServerApplication for test class com.localtechsupport.repository.TechnicianSkillRepositoryTest$TrainingNeedsTests
2025-06-23T16:07:03.765-02:30 DEBUG 75911 --- [tech-support-server] [           main] org.hibernate.SQL                        : 
    select
        ts1_0.id,
        ts1_0.service_type,
        ts1_0.technician_id 
    from
        technician_skills ts1_0
Hibernate: 
    select
        ts1_0.id,
        ts1_0.service_type,
        ts1_0.technician_id 
    from
        technician_skills ts1_0
2025-06-23T16:07:03.767-02:30 DEBUG 75911 --- [tech-support-server] [           main] org.hibernate.SQL                        : 
    insert 
    into
        technicians
        (email, full_name, status, id) 
    values
        (?, ?, ?, default)
Hibernate: 
    insert 
    into
        technicians
        (email, full_name, status, id) 
    values
        (?, ?, ?, default)
2025-06-23T16:07:03.768-02:30 DEBUG 75911 --- [tech-support-server] [           main] org.hibernate.SQL                        : 
    insert 
    into
        technicians
        (email, full_name, status, id) 
    values
        (?, ?, ?, default)
Hibernate: 
    insert 
    into
        technicians
        (email, full_name, status, id) 
    values
        (?, ?, ?, default)
2025-06-23T16:07:03.768-02:30 DEBUG 75911 --- [tech-support-server] [           main] org.hibernate.SQL                        : 
    insert 
    into
        technicians
        (email, full_name, status, id) 
    values
        (?, ?, ?, default)
Hibernate: 
    insert 
    into
        technicians
        (email, full_name, status, id) 
    values
        (?, ?, ?, default)
2025-06-23T16:07:03.769-02:30 DEBUG 75911 --- [tech-support-server] [           main] org.hibernate.SQL                        : 
    insert 
    into
        technician_skills
        (service_type, technician_id, id) 
    values
        (?, ?, default)
Hibernate: 
    insert 
    into
        technician_skills
        (service_type, technician_id, id) 
    values
        (?, ?, default)
2025-06-23T16:07:03.769-02:30 DEBUG 75911 --- [tech-support-server] [           main] org.hibernate.SQL                        : 
    insert 
    into
        technician_skills
        (service_type, technician_id, id) 
    values
        (?, ?, default)
Hibernate: 
    insert 
    into
        technician_skills
        (service_type, technician_id, id) 
    values
        (?, ?, default)
2025-06-23T16:07:03.770-02:30 DEBUG 75911 --- [tech-support-server] [           main] org.hibernate.SQL                        : 
    insert 
    into
        technician_skills
        (service_type, technician_id, id) 
    values
        (?, ?, default)
Hibernate: 
    insert 
    into
        technician_skills
        (service_type, technician_id, id) 
    values
        (?, ?, default)
2025-06-23T16:07:03.772-02:30 DEBUG 75911 --- [tech-support-server] [           main] org.hibernate.SQL                        : 
    insert 
    into
        technician_skills
        (service_type, technician_id, id) 
    values
        (?, ?, default)
Hibernate: 
    insert 
    into
        technician_skills
        (service_type, technician_id, id) 
    values
        (?, ?, default)
2025-06-23T16:07:03.796-02:30 DEBUG 75911 --- [tech-support-server] [           main] org.hibernate.SQL                        : 
    SELECT
        t.* 
    FROM
        technicians t 
    WHERE
        t.id NOT IN (SELECT
            DISTINCT ts.technician_id 
        FROM
            technician_skills ts 
        WHERE
            ts.technician_id IS NOT NULL)
Hibernate: 
    SELECT
        t.* 
    FROM
        technicians t 
    WHERE
        t.id NOT IN (SELECT
            DISTINCT ts.technician_id 
        FROM
            technician_skills ts 
        WHERE
            ts.technician_id IS NOT NULL)
2025-06-23T16:07:03.801-02:30 DEBUG 75911 --- [tech-support-server] [           main] org.hibernate.SQL                        : 
    SELECT
        t.* 
    FROM
        technicians t 
    WHERE
        t.id NOT IN (SELECT
            DISTINCT ts.technician_id 
        FROM
            technician_skills ts 
        WHERE
            ts.technician_id IS NOT NULL) 
    fetch
        first ? rows only
Hibernate: 
    SELECT
        t.* 
    FROM
        technicians t 
    WHERE
        t.id NOT IN (SELECT
            DISTINCT ts.technician_id 
        FROM
            technician_skills ts 
        WHERE
            ts.technician_id IS NOT NULL) 
    fetch
        first ? rows only
]]></system-out>
  </testcase>
  <testcase name="shouldFindTechniciansWithNoSkills" classname="com.localtechsupport.repository.TechnicianSkillRepositoryTest$TrainingNeedsTests" time="0.009">
    <system-out><![CDATA[2025-06-23T16:07:03.807-02:30 DEBUG 75911 --- [tech-support-server] [           main] org.hibernate.SQL                        : 
    select
        ts1_0.id,
        ts1_0.service_type,
        ts1_0.technician_id 
    from
        technician_skills ts1_0
Hibernate: 
    select
        ts1_0.id,
        ts1_0.service_type,
        ts1_0.technician_id 
    from
        technician_skills ts1_0
2025-06-23T16:07:03.808-02:30 DEBUG 75911 --- [tech-support-server] [           main] org.hibernate.SQL                        : 
    insert 
    into
        technicians
        (email, full_name, status, id) 
    values
        (?, ?, ?, default)
Hibernate: 
    insert 
    into
        technicians
        (email, full_name, status, id) 
    values
        (?, ?, ?, default)
2025-06-23T16:07:03.809-02:30 DEBUG 75911 --- [tech-support-server] [           main] org.hibernate.SQL                        : 
    insert 
    into
        technicians
        (email, full_name, status, id) 
    values
        (?, ?, ?, default)
Hibernate: 
    insert 
    into
        technicians
        (email, full_name, status, id) 
    values
        (?, ?, ?, default)
2025-06-23T16:07:03.809-02:30 DEBUG 75911 --- [tech-support-server] [           main] org.hibernate.SQL                        : 
    insert 
    into
        technicians
        (email, full_name, status, id) 
    values
        (?, ?, ?, default)
Hibernate: 
    insert 
    into
        technicians
        (email, full_name, status, id) 
    values
        (?, ?, ?, default)
2025-06-23T16:07:03.810-02:30 DEBUG 75911 --- [tech-support-server] [           main] org.hibernate.SQL                        : 
    insert 
    into
        technician_skills
        (service_type, technician_id, id) 
    values
        (?, ?, default)
Hibernate: 
    insert 
    into
        technician_skills
        (service_type, technician_id, id) 
    values
        (?, ?, default)
2025-06-23T16:07:03.810-02:30 DEBUG 75911 --- [tech-support-server] [           main] org.hibernate.SQL                        : 
    insert 
    into
        technician_skills
        (service_type, technician_id, id) 
    values
        (?, ?, default)
Hibernate: 
    insert 
    into
        technician_skills
        (service_type, technician_id, id) 
    values
        (?, ?, default)
2025-06-23T16:07:03.811-02:30 DEBUG 75911 --- [tech-support-server] [           main] org.hibernate.SQL                        : 
    insert 
    into
        technician_skills
        (service_type, technician_id, id) 
    values
        (?, ?, default)
Hibernate: 
    insert 
    into
        technician_skills
        (service_type, technician_id, id) 
    values
        (?, ?, default)
2025-06-23T16:07:03.812-02:30 DEBUG 75911 --- [tech-support-server] [           main] org.hibernate.SQL                        : 
    SELECT
        t.* 
    FROM
        technicians t 
    WHERE
        t.id NOT IN (SELECT
            DISTINCT ts.technician_id 
        FROM
            technician_skills ts 
        WHERE
            ts.technician_id IS NOT NULL)
Hibernate: 
    SELECT
        t.* 
    FROM
        technicians t 
    WHERE
        t.id NOT IN (SELECT
            DISTINCT ts.technician_id 
        FROM
            technician_skills ts 
        WHERE
            ts.technician_id IS NOT NULL)
]]></system-out>
  </testcase>
  <testcase name="shouldFindTechniciansWithNoSkillsWithPagination" classname="com.localtechsupport.repository.TechnicianSkillRepositoryTest$TrainingNeedsTests" time="0.01">
    <system-out><![CDATA[2025-06-23T16:07:03.817-02:30 DEBUG 75911 --- [tech-support-server] [           main] org.hibernate.SQL                        : 
    select
        ts1_0.id,
        ts1_0.service_type,
        ts1_0.technician_id 
    from
        technician_skills ts1_0
Hibernate: 
    select
        ts1_0.id,
        ts1_0.service_type,
        ts1_0.technician_id 
    from
        technician_skills ts1_0
2025-06-23T16:07:03.818-02:30 DEBUG 75911 --- [tech-support-server] [           main] org.hibernate.SQL                        : 
    insert 
    into
        technicians
        (email, full_name, status, id) 
    values
        (?, ?, ?, default)
Hibernate: 
    insert 
    into
        technicians
        (email, full_name, status, id) 
    values
        (?, ?, ?, default)
2025-06-23T16:07:03.819-02:30 DEBUG 75911 --- [tech-support-server] [           main] org.hibernate.SQL                        : 
    insert 
    into
        technicians
        (email, full_name, status, id) 
    values
        (?, ?, ?, default)
Hibernate: 
    insert 
    into
        technicians
        (email, full_name, status, id) 
    values
        (?, ?, ?, default)
2025-06-23T16:07:03.819-02:30 DEBUG 75911 --- [tech-support-server] [           main] org.hibernate.SQL                        : 
    insert 
    into
        technicians
        (email, full_name, status, id) 
    values
        (?, ?, ?, default)
Hibernate: 
    insert 
    into
        technicians
        (email, full_name, status, id) 
    values
        (?, ?, ?, default)
2025-06-23T16:07:03.820-02:30 DEBUG 75911 --- [tech-support-server] [           main] org.hibernate.SQL                        : 
    insert 
    into
        technician_skills
        (service_type, technician_id, id) 
    values
        (?, ?, default)
Hibernate: 
    insert 
    into
        technician_skills
        (service_type, technician_id, id) 
    values
        (?, ?, default)
2025-06-23T16:07:03.820-02:30 DEBUG 75911 --- [tech-support-server] [           main] org.hibernate.SQL                        : 
    insert 
    into
        technician_skills
        (service_type, technician_id, id) 
    values
        (?, ?, default)
Hibernate: 
    insert 
    into
        technician_skills
        (service_type, technician_id, id) 
    values
        (?, ?, default)
2025-06-23T16:07:03.821-02:30 DEBUG 75911 --- [tech-support-server] [           main] org.hibernate.SQL                        : 
    insert 
    into
        technician_skills
        (service_type, technician_id, id) 
    values
        (?, ?, default)
Hibernate: 
    insert 
    into
        technician_skills
        (service_type, technician_id, id) 
    values
        (?, ?, default)
2025-06-23T16:07:03.822-02:30 DEBUG 75911 --- [tech-support-server] [           main] org.hibernate.SQL                        : 
    SELECT
        t.* 
    FROM
        technicians t 
    WHERE
        t.id NOT IN (SELECT
            DISTINCT ts.technician_id 
        FROM
            technician_skills ts 
        WHERE
            ts.technician_id IS NOT NULL) 
    fetch
        first ? rows only
Hibernate: 
    SELECT
        t.* 
    FROM
        technicians t 
    WHERE
        t.id NOT IN (SELECT
            DISTINCT ts.technician_id 
        FROM
            technician_skills ts 
        WHERE
            ts.technician_id IS NOT NULL) 
    fetch
        first ? rows only
]]></system-out>
  </testcase>
  <testcase name="shouldFindTechniciansWithSingleSkill" classname="com.localtechsupport.repository.TechnicianSkillRepositoryTest$TrainingNeedsTests" time="0.01">
    <system-out><![CDATA[2025-06-23T16:07:03.828-02:30 DEBUG 75911 --- [tech-support-server] [           main] org.hibernate.SQL                        : 
    select
        ts1_0.id,
        ts1_0.service_type,
        ts1_0.technician_id 
    from
        technician_skills ts1_0
Hibernate: 
    select
        ts1_0.id,
        ts1_0.service_type,
        ts1_0.technician_id 
    from
        technician_skills ts1_0
2025-06-23T16:07:03.829-02:30 DEBUG 75911 --- [tech-support-server] [           main] org.hibernate.SQL                        : 
    insert 
    into
        technicians
        (email, full_name, status, id) 
    values
        (?, ?, ?, default)
Hibernate: 
    insert 
    into
        technicians
        (email, full_name, status, id) 
    values
        (?, ?, ?, default)
2025-06-23T16:07:03.830-02:30 DEBUG 75911 --- [tech-support-server] [           main] org.hibernate.SQL                        : 
    insert 
    into
        technicians
        (email, full_name, status, id) 
    values
        (?, ?, ?, default)
Hibernate: 
    insert 
    into
        technicians
        (email, full_name, status, id) 
    values
        (?, ?, ?, default)
2025-06-23T16:07:03.830-02:30 DEBUG 75911 --- [tech-support-server] [           main] org.hibernate.SQL                        : 
    insert 
    into
        technicians
        (email, full_name, status, id) 
    values
        (?, ?, ?, default)
Hibernate: 
    insert 
    into
        technicians
        (email, full_name, status, id) 
    values
        (?, ?, ?, default)
2025-06-23T16:07:03.831-02:30 DEBUG 75911 --- [tech-support-server] [           main] org.hibernate.SQL                        : 
    insert 
    into
        technician_skills
        (service_type, technician_id, id) 
    values
        (?, ?, default)
Hibernate: 
    insert 
    into
        technician_skills
        (service_type, technician_id, id) 
    values
        (?, ?, default)
2025-06-23T16:07:03.831-02:30 DEBUG 75911 --- [tech-support-server] [           main] org.hibernate.SQL                        : 
    insert 
    into
        technician_skills
        (service_type, technician_id, id) 
    values
        (?, ?, default)
Hibernate: 
    insert 
    into
        technician_skills
        (service_type, technician_id, id) 
    values
        (?, ?, default)
2025-06-23T16:07:03.831-02:30 DEBUG 75911 --- [tech-support-server] [           main] org.hibernate.SQL                        : 
    insert 
    into
        technician_skills
        (service_type, technician_id, id) 
    values
        (?, ?, default)
Hibernate: 
    insert 
    into
        technician_skills
        (service_type, technician_id, id) 
    values
        (?, ?, default)
2025-06-23T16:07:03.833-02:30 DEBUG 75911 --- [tech-support-server] [           main] org.hibernate.SQL                        : 
    select
        t1_0.id,
        t1_0.email,
        t1_0.full_name,
        t1_0.status 
    from
        technician_skills ts1_0 
    join
        technicians t1_0 
            on t1_0.id=ts1_0.technician_id 
    group by
        t1_0.id 
    having
        count(ts1_0.service_type)=1
Hibernate: 
    select
        t1_0.id,
        t1_0.email,
        t1_0.full_name,
        t1_0.status 
    from
        technician_skills ts1_0 
    join
        technicians t1_0 
            on t1_0.id=ts1_0.technician_id 
    group by
        t1_0.id 
    having
        count(ts1_0.service_type)=1
]]></system-out>
  </testcase>
  <testcase name="shouldFindFullyQualifiedTechnicians" classname="com.localtechsupport.repository.TechnicianSkillRepositoryTest$TrainingNeedsTests" time="0.019">
    <system-out><![CDATA[2025-06-23T16:07:03.840-02:30 DEBUG 75911 --- [tech-support-server] [           main] org.hibernate.SQL                        : 
    select
        ts1_0.id,
        ts1_0.service_type,
        ts1_0.technician_id 
    from
        technician_skills ts1_0
Hibernate: 
    select
        ts1_0.id,
        ts1_0.service_type,
        ts1_0.technician_id 
    from
        technician_skills ts1_0
2025-06-23T16:07:03.842-02:30 DEBUG 75911 --- [tech-support-server] [           main] org.hibernate.SQL                        : 
    insert 
    into
        technicians
        (email, full_name, status, id) 
    values
        (?, ?, ?, default)
Hibernate: 
    insert 
    into
        technicians
        (email, full_name, status, id) 
    values
        (?, ?, ?, default)
2025-06-23T16:07:03.843-02:30 DEBUG 75911 --- [tech-support-server] [           main] org.hibernate.SQL                        : 
    insert 
    into
        technicians
        (email, full_name, status, id) 
    values
        (?, ?, ?, default)
Hibernate: 
    insert 
    into
        technicians
        (email, full_name, status, id) 
    values
        (?, ?, ?, default)
2025-06-23T16:07:03.843-02:30 DEBUG 75911 --- [tech-support-server] [           main] org.hibernate.SQL                        : 
    insert 
    into
        technicians
        (email, full_name, status, id) 
    values
        (?, ?, ?, default)
Hibernate: 
    insert 
    into
        technicians
        (email, full_name, status, id) 
    values
        (?, ?, ?, default)
2025-06-23T16:07:03.844-02:30 DEBUG 75911 --- [tech-support-server] [           main] org.hibernate.SQL                        : 
    insert 
    into
        technician_skills
        (service_type, technician_id, id) 
    values
        (?, ?, default)
Hibernate: 
    insert 
    into
        technician_skills
        (service_type, technician_id, id) 
    values
        (?, ?, default)
2025-06-23T16:07:03.851-02:30 DEBUG 75911 --- [tech-support-server] [           main] org.hibernate.SQL                        : 
    insert 
    into
        technician_skills
        (service_type, technician_id, id) 
    values
        (?, ?, default)
Hibernate: 
    insert 
    into
        technician_skills
        (service_type, technician_id, id) 
    values
        (?, ?, default)
2025-06-23T16:07:03.851-02:30 DEBUG 75911 --- [tech-support-server] [           main] org.hibernate.SQL                        : 
    insert 
    into
        technician_skills
        (service_type, technician_id, id) 
    values
        (?, ?, default)
Hibernate: 
    insert 
    into
        technician_skills
        (service_type, technician_id, id) 
    values
        (?, ?, default)
2025-06-23T16:07:03.854-02:30 DEBUG 75911 --- [tech-support-server] [           main] org.hibernate.SQL                        : 
    select
        t1_0.id,
        t1_0.email,
        t1_0.full_name,
        t1_0.status 
    from
        technician_skills ts1_0 
    join
        technicians t1_0 
            on t1_0.id=ts1_0.technician_id 
    group by
        t1_0.id 
    having
        count(distinct ts1_0.service_type)=(
            select
                count(distinct ts2_0.service_type) 
            from
                technician_skills ts2_0
        )
Hibernate: 
    select
        t1_0.id,
        t1_0.email,
        t1_0.full_name,
        t1_0.status 
    from
        technician_skills ts1_0 
    join
        technicians t1_0 
            on t1_0.id=ts1_0.technician_id 
    group by
        t1_0.id 
    having
        count(distinct ts1_0.service_type)=(
            select
                count(distinct ts2_0.service_type) 
            from
                technician_skills ts2_0
        )
]]></system-out>
  </testcase>
  <testcase name="shouldHandleEdgeCaseWithNoTechnicians" classname="com.localtechsupport.repository.TechnicianSkillRepositoryTest$TrainingNeedsTests" time="0.019">
    <system-out><![CDATA[2025-06-23T16:07:03.860-02:30 DEBUG 75911 --- [tech-support-server] [           main] org.hibernate.SQL                        : 
    select
        ts1_0.id,
        ts1_0.service_type,
        ts1_0.technician_id 
    from
        technician_skills ts1_0
Hibernate: 
    select
        ts1_0.id,
        ts1_0.service_type,
        ts1_0.technician_id 
    from
        technician_skills ts1_0
2025-06-23T16:07:03.862-02:30 DEBUG 75911 --- [tech-support-server] [           main] org.hibernate.SQL                        : 
    insert 
    into
        technicians
        (email, full_name, status, id) 
    values
        (?, ?, ?, default)
Hibernate: 
    insert 
    into
        technicians
        (email, full_name, status, id) 
    values
        (?, ?, ?, default)
2025-06-23T16:07:03.863-02:30 DEBUG 75911 --- [tech-support-server] [           main] org.hibernate.SQL                        : 
    insert 
    into
        technicians
        (email, full_name, status, id) 
    values
        (?, ?, ?, default)
Hibernate: 
    insert 
    into
        technicians
        (email, full_name, status, id) 
    values
        (?, ?, ?, default)
2025-06-23T16:07:03.863-02:30 DEBUG 75911 --- [tech-support-server] [           main] org.hibernate.SQL                        : 
    insert 
    into
        technicians
        (email, full_name, status, id) 
    values
        (?, ?, ?, default)
Hibernate: 
    insert 
    into
        technicians
        (email, full_name, status, id) 
    values
        (?, ?, ?, default)
2025-06-23T16:07:03.864-02:30 DEBUG 75911 --- [tech-support-server] [           main] org.hibernate.SQL                        : 
    insert 
    into
        technician_skills
        (service_type, technician_id, id) 
    values
        (?, ?, default)
Hibernate: 
    insert 
    into
        technician_skills
        (service_type, technician_id, id) 
    values
        (?, ?, default)
2025-06-23T16:07:03.864-02:30 DEBUG 75911 --- [tech-support-server] [           main] org.hibernate.SQL                        : 
    insert 
    into
        technician_skills
        (service_type, technician_id, id) 
    values
        (?, ?, default)
Hibernate: 
    insert 
    into
        technician_skills
        (service_type, technician_id, id) 
    values
        (?, ?, default)
2025-06-23T16:07:03.865-02:30 DEBUG 75911 --- [tech-support-server] [           main] org.hibernate.SQL                        : 
    insert 
    into
        technician_skills
        (service_type, technician_id, id) 
    values
        (?, ?, default)
Hibernate: 
    insert 
    into
        technician_skills
        (service_type, technician_id, id) 
    values
        (?, ?, default)
2025-06-23T16:07:03.873-02:30 DEBUG 75911 --- [tech-support-server] [           main] org.hibernate.SQL                        : 
    delete 
    from
        technician_skills ts1_0
Hibernate: 
    delete 
    from
        technician_skills ts1_0
2025-06-23T16:07:03.874-02:30 DEBUG 75911 --- [tech-support-server] [           main] org.hibernate.SQL                        : 
    delete 
    from
        technicians t1_0
Hibernate: 
    delete 
    from
        technicians t1_0
2025-06-23T16:07:03.875-02:30 DEBUG 75911 --- [tech-support-server] [           main] org.hibernate.SQL                        : 
    SELECT
        t.* 
    FROM
        technicians t 
    WHERE
        t.id NOT IN (SELECT
            DISTINCT ts.technician_id 
        FROM
            technician_skills ts 
        WHERE
            ts.technician_id IS NOT NULL)
Hibernate: 
    SELECT
        t.* 
    FROM
        technicians t 
    WHERE
        t.id NOT IN (SELECT
            DISTINCT ts.technician_id 
        FROM
            technician_skills ts 
        WHERE
            ts.technician_id IS NOT NULL)
2025-06-23T16:07:03.875-02:30 DEBUG 75911 --- [tech-support-server] [           main] org.hibernate.SQL                        : 
    select
        t1_0.id,
        t1_0.email,
        t1_0.full_name,
        t1_0.status 
    from
        technician_skills ts1_0 
    join
        technicians t1_0 
            on t1_0.id=ts1_0.technician_id 
    group by
        t1_0.id 
    having
        count(ts1_0.service_type)=1
Hibernate: 
    select
        t1_0.id,
        t1_0.email,
        t1_0.full_name,
        t1_0.status 
    from
        technician_skills ts1_0 
    join
        technicians t1_0 
            on t1_0.id=ts1_0.technician_id 
    group by
        t1_0.id 
    having
        count(ts1_0.service_type)=1
2025-06-23T16:07:03.876-02:30 DEBUG 75911 --- [tech-support-server] [           main] org.hibernate.SQL                        : 
    select
        t1_0.id,
        t1_0.email,
        t1_0.full_name,
        t1_0.status 
    from
        technician_skills ts1_0 
    join
        technicians t1_0 
            on t1_0.id=ts1_0.technician_id 
    group by
        t1_0.id 
    having
        count(distinct ts1_0.service_type)=(
            select
                count(distinct ts2_0.service_type) 
            from
                technician_skills ts2_0
        )
Hibernate: 
    select
        t1_0.id,
        t1_0.email,
        t1_0.full_name,
        t1_0.status 
    from
        technician_skills ts1_0 
    join
        technicians t1_0 
            on t1_0.id=ts1_0.technician_id 
    group by
        t1_0.id 
    having
        count(distinct ts1_0.service_type)=(
            select
                count(distinct ts2_0.service_type) 
            from
                technician_skills ts2_0
        )
]]></system-out>
  </testcase>
  <testcase name="shouldReturnEmptyWhenNoTechniciansHaveAllSkills" classname="com.localtechsupport.repository.TechnicianSkillRepositoryTest$TrainingNeedsTests" time="0.011">
    <system-out><![CDATA[2025-06-23T16:07:03.880-02:30 DEBUG 75911 --- [tech-support-server] [           main] org.hibernate.SQL                        : 
    select
        ts1_0.id,
        ts1_0.service_type,
        ts1_0.technician_id 
    from
        technician_skills ts1_0
Hibernate: 
    select
        ts1_0.id,
        ts1_0.service_type,
        ts1_0.technician_id 
    from
        technician_skills ts1_0
2025-06-23T16:07:03.881-02:30 DEBUG 75911 --- [tech-support-server] [           main] org.hibernate.SQL                        : 
    insert 
    into
        technicians
        (email, full_name, status, id) 
    values
        (?, ?, ?, default)
Hibernate: 
    insert 
    into
        technicians
        (email, full_name, status, id) 
    values
        (?, ?, ?, default)
2025-06-23T16:07:03.881-02:30 DEBUG 75911 --- [tech-support-server] [           main] org.hibernate.SQL                        : 
    insert 
    into
        technicians
        (email, full_name, status, id) 
    values
        (?, ?, ?, default)
Hibernate: 
    insert 
    into
        technicians
        (email, full_name, status, id) 
    values
        (?, ?, ?, default)
2025-06-23T16:07:03.882-02:30 DEBUG 75911 --- [tech-support-server] [           main] org.hibernate.SQL                        : 
    insert 
    into
        technicians
        (email, full_name, status, id) 
    values
        (?, ?, ?, default)
Hibernate: 
    insert 
    into
        technicians
        (email, full_name, status, id) 
    values
        (?, ?, ?, default)
2025-06-23T16:07:03.882-02:30 DEBUG 75911 --- [tech-support-server] [           main] org.hibernate.SQL                        : 
    insert 
    into
        technician_skills
        (service_type, technician_id, id) 
    values
        (?, ?, default)
Hibernate: 
    insert 
    into
        technician_skills
        (service_type, technician_id, id) 
    values
        (?, ?, default)
2025-06-23T16:07:03.882-02:30 DEBUG 75911 --- [tech-support-server] [           main] org.hibernate.SQL                        : 
    insert 
    into
        technician_skills
        (service_type, technician_id, id) 
    values
        (?, ?, default)
Hibernate: 
    insert 
    into
        technician_skills
        (service_type, technician_id, id) 
    values
        (?, ?, default)
2025-06-23T16:07:03.882-02:30 DEBUG 75911 --- [tech-support-server] [           main] org.hibernate.SQL                        : 
    insert 
    into
        technician_skills
        (service_type, technician_id, id) 
    values
        (?, ?, default)
Hibernate: 
    insert 
    into
        technician_skills
        (service_type, technician_id, id) 
    values
        (?, ?, default)
2025-06-23T16:07:03.883-02:30 DEBUG 75911 --- [tech-support-server] [           main] org.hibernate.SQL                        : 
    select
        ts1_0.id,
        ts1_0.service_type,
        ts1_0.technician_id 
    from
        technician_skills ts1_0
Hibernate: 
    select
        ts1_0.id,
        ts1_0.service_type,
        ts1_0.technician_id 
    from
        technician_skills ts1_0
2025-06-23T16:07:03.884-02:30 DEBUG 75911 --- [tech-support-server] [           main] org.hibernate.SQL                        : 
    select
        t1_0.id,
        t1_0.email,
        t1_0.full_name,
        t1_0.status 
    from
        technicians t1_0 
    where
        t1_0.id=?
Hibernate: 
    select
        t1_0.id,
        t1_0.email,
        t1_0.full_name,
        t1_0.status 
    from
        technicians t1_0 
    where
        t1_0.id=?
2025-06-23T16:07:03.884-02:30 DEBUG 75911 --- [tech-support-server] [           main] org.hibernate.SQL                        : 
    select
        t1_0.id,
        t1_0.email,
        t1_0.full_name,
        t1_0.status 
    from
        technicians t1_0 
    where
        t1_0.id=?
Hibernate: 
    select
        t1_0.id,
        t1_0.email,
        t1_0.full_name,
        t1_0.status 
    from
        technicians t1_0 
    where
        t1_0.id=?
2025-06-23T16:07:03.885-02:30 DEBUG 75911 --- [tech-support-server] [           main] org.hibernate.SQL                        : 
    insert 
    into
        technician_skills
        (service_type, technician_id, id) 
    values
        (?, ?, default)
Hibernate: 
    insert 
    into
        technician_skills
        (service_type, technician_id, id) 
    values
        (?, ?, default)
2025-06-23T16:07:03.885-02:30 DEBUG 75911 --- [tech-support-server] [           main] org.hibernate.SQL                        : 
    delete 
    from
        technician_skills 
    where
        id=?
Hibernate: 
    delete 
    from
        technician_skills 
    where
        id=?
2025-06-23T16:07:03.885-02:30 DEBUG 75911 --- [tech-support-server] [           main] org.hibernate.SQL                        : 
    delete 
    from
        technician_skills 
    where
        id=?
Hibernate: 
    delete 
    from
        technician_skills 
    where
        id=?
2025-06-23T16:07:03.885-02:30 DEBUG 75911 --- [tech-support-server] [           main] org.hibernate.SQL                        : 
    delete 
    from
        technician_skills 
    where
        id=?
Hibernate: 
    delete 
    from
        technician_skills 
    where
        id=?
2025-06-23T16:07:03.885-02:30 DEBUG 75911 --- [tech-support-server] [           main] org.hibernate.SQL                        : 
    insert 
    into
        technician_skills
        (service_type, technician_id, id) 
    values
        (?, ?, default)
Hibernate: 
    insert 
    into
        technician_skills
        (service_type, technician_id, id) 
    values
        (?, ?, default)
2025-06-23T16:07:03.886-02:30 DEBUG 75911 --- [tech-support-server] [           main] org.hibernate.SQL                        : 
    select
        t1_0.id,
        t1_0.email,
        t1_0.full_name,
        t1_0.status 
    from
        technician_skills ts1_0 
    join
        technicians t1_0 
            on t1_0.id=ts1_0.technician_id 
    group by
        t1_0.id 
    having
        count(distinct ts1_0.service_type)=(
            select
                count(distinct ts2_0.service_type) 
            from
                technician_skills ts2_0
        )
Hibernate: 
    select
        t1_0.id,
        t1_0.email,
        t1_0.full_name,
        t1_0.status 
    from
        technician_skills ts1_0 
    join
        technicians t1_0 
            on t1_0.id=ts1_0.technician_id 
    group by
        t1_0.id 
    having
        count(distinct ts1_0.service_type)=(
            select
                count(distinct ts2_0.service_type) 
            from
                technician_skills ts2_0
        )
]]></system-out>
  </testcase>
</testsuite>