<?xml version="1.0" encoding="UTF-8"?>
<testsuite xmlns:xsi="http://www.w3.org/2001/XMLSchema-instance" xsi:noNamespaceSchemaLocation="https://maven.apache.org/surefire/maven-surefire-plugin/xsd/surefire-test-report.xsd" version="3.0.2" name="com.localtechsupport.repository.TicketRepositoryTest$PaginationTests" time="0.351" tests="7" errors="0" skipped="0" failures="0">
  <properties>
    <property name="java.specification.version" value="23"/>
    <property name="sun.jnu.encoding" value="UTF-8"/>
    <property name="java.class.path" value="/Users/danielefford/Documents/SD12/04-DevOps/local-tech-support-server/target/test-classes:/Users/danielefford/Documents/SD12/04-DevOps/local-tech-support-server/target/classes:/Users/danielefford/.m2/repository/org/springframework/boot/spring-boot-starter-data-jpa/3.5.0/spring-boot-starter-data-jpa-3.5.0.jar:/Users/danielefford/.m2/repository/org/springframework/boot/spring-boot-starter/3.5.0/spring-boot-starter-3.5.0.jar:/Users/danielefford/.m2/repository/org/springframework/boot/spring-boot-starter-logging/3.5.0/spring-boot-starter-logging-3.5.0.jar:/Users/danielefford/.m2/repository/ch/qos/logback/logback-classic/1.5.18/logback-classic-1.5.18.jar:/Users/danielefford/.m2/repository/ch/qos/logback/logback-core/1.5.18/logback-core-1.5.18.jar:/Users/danielefford/.m2/repository/org/apache/logging/log4j/log4j-to-slf4j/2.24.3/log4j-to-slf4j-2.24.3.jar:/Users/danielefford/.m2/repository/org/apache/logging/log4j/log4j-api/2.24.3/log4j-api-2.24.3.jar:/Users/danielefford/.m2/repository/org/slf4j/jul-to-slf4j/2.0.17/jul-to-slf4j-2.0.17.jar:/Users/danielefford/.m2/repository/jakarta/annotation/jakarta.annotation-api/2.1.1/jakarta.annotation-api-2.1.1.jar:/Users/danielefford/.m2/repository/org/yaml/snakeyaml/2.4/snakeyaml-2.4.jar:/Users/danielefford/.m2/repository/org/springframework/boot/spring-boot-starter-jdbc/3.5.0/spring-boot-starter-jdbc-3.5.0.jar:/Users/danielefford/.m2/repository/com/zaxxer/HikariCP/6.3.0/HikariCP-6.3.0.jar:/Users/danielefford/.m2/repository/org/springframework/spring-jdbc/6.2.7/spring-jdbc-6.2.7.jar:/Users/danielefford/.m2/repository/org/hibernate/orm/hibernate-core/6.6.15.Final/hibernate-core-6.6.15.Final.jar:/Users/danielefford/.m2/repository/jakarta/persistence/jakarta.persistence-api/3.1.0/jakarta.persistence-api-3.1.0.jar:/Users/danielefford/.m2/repository/jakarta/transaction/jakarta.transaction-api/2.0.1/jakarta.transaction-api-2.0.1.jar:/Users/danielefford/.m2/repository/org/jboss/logging/jboss-logging/3.6.1.Final/jboss-logging-3.6.1.Final.jar:/Users/danielefford/.m2/repository/org/hibernate/common/hibernate-commons-annotations/7.0.3.Final/hibernate-commons-annotations-7.0.3.Final.jar:/Users/danielefford/.m2/repository/io/smallrye/jandex/3.2.0/jandex-3.2.0.jar:/Users/danielefford/.m2/repository/com/fasterxml/classmate/1.7.0/classmate-1.7.0.jar:/Users/danielefford/.m2/repository/net/bytebuddy/byte-buddy/1.17.5/byte-buddy-1.17.5.jar:/Users/danielefford/.m2/repository/org/glassfish/jaxb/jaxb-runtime/4.0.5/jaxb-runtime-4.0.5.jar:/Users/danielefford/.m2/repository/org/glassfish/jaxb/jaxb-core/4.0.5/jaxb-core-4.0.5.jar:/Users/danielefford/.m2/repository/org/eclipse/angus/angus-activation/2.0.2/angus-activation-2.0.2.jar:/Users/danielefford/.m2/repository/org/glassfish/jaxb/txw2/4.0.5/txw2-4.0.5.jar:/Users/danielefford/.m2/repository/com/sun/istack/istack-commons-runtime/4.1.2/istack-commons-runtime-4.1.2.jar:/Users/danielefford/.m2/repository/jakarta/inject/jakarta.inject-api/2.0.1/jakarta.inject-api-2.0.1.jar:/Users/danielefford/.m2/repository/org/antlr/antlr4-runtime/4.13.0/antlr4-runtime-4.13.0.jar:/Users/danielefford/.m2/repository/org/springframework/data/spring-data-jpa/3.5.0/spring-data-jpa-3.5.0.jar:/Users/danielefford/.m2/repository/org/springframework/data/spring-data-commons/3.5.0/spring-data-commons-3.5.0.jar:/Users/danielefford/.m2/repository/org/springframework/spring-orm/6.2.7/spring-orm-6.2.7.jar:/Users/danielefford/.m2/repository/org/springframework/spring-context/6.2.7/spring-context-6.2.7.jar:/Users/danielefford/.m2/repository/org/springframework/spring-aop/6.2.7/spring-aop-6.2.7.jar:/Users/danielefford/.m2/repository/org/springframework/spring-tx/6.2.7/spring-tx-6.2.7.jar:/Users/danielefford/.m2/repository/org/springframework/spring-beans/6.2.7/spring-beans-6.2.7.jar:/Users/danielefford/.m2/repository/org/slf4j/slf4j-api/2.0.17/slf4j-api-2.0.17.jar:/Users/danielefford/.m2/repository/org/springframework/spring-aspects/6.2.7/spring-aspects-6.2.7.jar:/Users/danielefford/.m2/repository/org/aspectj/aspectjweaver/1.9.24/aspectjweaver-1.9.24.jar:/Users/danielefford/.m2/repository/org/springframework/boot/spring-boot-starter-web/3.5.0/spring-boot-starter-web-3.5.0.jar:/Users/danielefford/.m2/repository/org/springframework/boot/spring-boot-starter-json/3.5.0/spring-boot-starter-json-3.5.0.jar:/Users/danielefford/.m2/repository/com/fasterxml/jackson/core/jackson-databind/2.19.0/jackson-databind-2.19.0.jar:/Users/danielefford/.m2/repository/com/fasterxml/jackson/core/jackson-annotations/2.19.0/jackson-annotations-2.19.0.jar:/Users/danielefford/.m2/repository/com/fasterxml/jackson/core/jackson-core/2.19.0/jackson-core-2.19.0.jar:/Users/danielefford/.m2/repository/com/fasterxml/jackson/datatype/jackson-datatype-jdk8/2.19.0/jackson-datatype-jdk8-2.19.0.jar:/Users/danielefford/.m2/repository/com/fasterxml/jackson/datatype/jackson-datatype-jsr310/2.19.0/jackson-datatype-jsr310-2.19.0.jar:/Users/danielefford/.m2/repository/com/fasterxml/jackson/module/jackson-module-parameter-names/2.19.0/jackson-module-parameter-names-2.19.0.jar:/Users/danielefford/.m2/repository/org/springframework/boot/spring-boot-starter-tomcat/3.5.0/spring-boot-starter-tomcat-3.5.0.jar:/Users/danielefford/.m2/repository/org/apache/tomcat/embed/tomcat-embed-core/10.1.41/tomcat-embed-core-10.1.41.jar:/Users/danielefford/.m2/repository/org/apache/tomcat/embed/tomcat-embed-websocket/10.1.41/tomcat-embed-websocket-10.1.41.jar:/Users/danielefford/.m2/repository/org/springframework/spring-web/6.2.7/spring-web-6.2.7.jar:/Users/danielefford/.m2/repository/io/micrometer/micrometer-observation/1.15.0/micrometer-observation-1.15.0.jar:/Users/danielefford/.m2/repository/io/micrometer/micrometer-commons/1.15.0/micrometer-commons-1.15.0.jar:/Users/danielefford/.m2/repository/org/springframework/spring-webmvc/6.2.7/spring-webmvc-6.2.7.jar:/Users/danielefford/.m2/repository/org/springframework/spring-expression/6.2.7/spring-expression-6.2.7.jar:/Users/danielefford/.m2/repository/org/springframework/boot/spring-boot-devtools/3.5.0/spring-boot-devtools-3.5.0.jar:/Users/danielefford/.m2/repository/org/springframework/boot/spring-boot/3.5.0/spring-boot-3.5.0.jar:/Users/danielefford/.m2/repository/org/springframework/boot/spring-boot-autoconfigure/3.5.0/spring-boot-autoconfigure-3.5.0.jar:/Users/danielefford/.m2/repository/com/h2database/h2/2.3.232/h2-2.3.232.jar:/Users/danielefford/.m2/repository/org/projectlombok/lombok/1.18.36/lombok-1.18.36.jar:/Users/danielefford/.m2/repository/com/mysql/mysql-connector-j/9.2.0/mysql-connector-j-9.2.0.jar:/Users/danielefford/.m2/repository/org/springframework/boot/spring-boot-starter-validation/3.5.0/spring-boot-starter-validation-3.5.0.jar:/Users/danielefford/.m2/repository/org/apache/tomcat/embed/tomcat-embed-el/10.1.41/tomcat-embed-el-10.1.41.jar:/Users/danielefford/.m2/repository/org/hibernate/validator/hibernate-validator/8.0.2.Final/hibernate-validator-8.0.2.Final.jar:/Users/danielefford/.m2/repository/jakarta/validation/jakarta.validation-api/3.0.2/jakarta.validation-api-3.0.2.jar:/Users/danielefford/.m2/repository/org/springframework/boot/spring-boot-starter-test/3.5.0/spring-boot-starter-test-3.5.0.jar:/Users/danielefford/.m2/repository/org/springframework/boot/spring-boot-test/3.5.0/spring-boot-test-3.5.0.jar:/Users/danielefford/.m2/repository/org/springframework/boot/spring-boot-test-autoconfigure/3.5.0/spring-boot-test-autoconfigure-3.5.0.jar:/Users/danielefford/.m2/repository/com/jayway/jsonpath/json-path/2.9.0/json-path-2.9.0.jar:/Users/danielefford/.m2/repository/jakarta/xml/bind/jakarta.xml.bind-api/4.0.2/jakarta.xml.bind-api-4.0.2.jar:/Users/danielefford/.m2/repository/jakarta/activation/jakarta.activation-api/2.1.3/jakarta.activation-api-2.1.3.jar:/Users/danielefford/.m2/repository/net/minidev/json-smart/2.5.2/json-smart-2.5.2.jar:/Users/danielefford/.m2/repository/net/minidev/accessors-smart/2.5.2/accessors-smart-2.5.2.jar:/Users/danielefford/.m2/repository/org/ow2/asm/asm/9.7.1/asm-9.7.1.jar:/Users/danielefford/.m2/repository/org/assertj/assertj-core/3.27.3/assertj-core-3.27.3.jar:/Users/danielefford/.m2/repository/org/awaitility/awaitility/4.3.0/awaitility-4.3.0.jar:/Users/danielefford/.m2/repository/org/hamcrest/hamcrest/3.0/hamcrest-3.0.jar:/Users/danielefford/.m2/repository/org/junit/jupiter/junit-jupiter/5.12.2/junit-jupiter-5.12.2.jar:/Users/danielefford/.m2/repository/org/junit/jupiter/junit-jupiter-api/5.12.2/junit-jupiter-api-5.12.2.jar:/Users/danielefford/.m2/repository/org/opentest4j/opentest4j/1.3.0/opentest4j-1.3.0.jar:/Users/danielefford/.m2/repository/org/junit/platform/junit-platform-commons/1.12.2/junit-platform-commons-1.12.2.jar:/Users/danielefford/.m2/repository/org/apiguardian/apiguardian-api/1.1.2/apiguardian-api-1.1.2.jar:/Users/danielefford/.m2/repository/org/junit/jupiter/junit-jupiter-params/5.12.2/junit-jupiter-params-5.12.2.jar:/Users/danielefford/.m2/repository/org/junit/jupiter/junit-jupiter-engine/5.12.2/junit-jupiter-engine-5.12.2.jar:/Users/danielefford/.m2/repository/org/junit/platform/junit-platform-engine/1.12.2/junit-platform-engine-1.12.2.jar:/Users/danielefford/.m2/repository/org/mockito/mockito-core/5.17.0/mockito-core-5.17.0.jar:/Users/danielefford/.m2/repository/net/bytebuddy/byte-buddy-agent/1.17.5/byte-buddy-agent-1.17.5.jar:/Users/danielefford/.m2/repository/org/objenesis/objenesis/3.3/objenesis-3.3.jar:/Users/danielefford/.m2/repository/org/mockito/mockito-junit-jupiter/5.17.0/mockito-junit-jupiter-5.17.0.jar:/Users/danielefford/.m2/repository/org/skyscreamer/jsonassert/1.5.3/jsonassert-1.5.3.jar:/Users/danielefford/.m2/repository/com/vaadin/external/google/android-json/0.0.20131108.vaadin1/android-json-0.0.20131108.vaadin1.jar:/Users/danielefford/.m2/repository/org/springframework/spring-core/6.2.7/spring-core-6.2.7.jar:/Users/danielefford/.m2/repository/org/springframework/spring-jcl/6.2.7/spring-jcl-6.2.7.jar:/Users/danielefford/.m2/repository/org/springframework/spring-test/6.2.7/spring-test-6.2.7.jar:/Users/danielefford/.m2/repository/org/xmlunit/xmlunit-core/2.10.1/xmlunit-core-2.10.1.jar:/Users/danielefford/.m2/repository/com/unboundid/unboundid-ldapsdk/7.0.2/unboundid-ldapsdk-7.0.2.jar:"/>
    <property name="java.vm.vendor" value="Homebrew"/>
    <property name="sun.arch.data.model" value="64"/>
    <property name="java.vendor.url" value="https://github.com/Homebrew/homebrew-core/issues"/>
    <property name="user.timezone" value="America/St_Johns"/>
    <property name="org.jboss.logging.provider" value="slf4j"/>
    <property name="os.name" value="Mac OS X"/>
    <property name="java.vm.specification.version" value="23"/>
    <property name="APPLICATION_NAME" value="tech-support-server"/>
    <property name="sun.java.launcher" value="SUN_STANDARD"/>
    <property name="user.country" value="CA"/>
    <property name="sun.boot.library.path" value="/opt/homebrew/Cellar/openjdk/23.0.2/libexec/openjdk.jdk/Contents/Home/lib"/>
    <property name="sun.java.command" value="/Users/danielefford/Documents/SD12/04-DevOps/local-tech-support-server/target/surefire/surefirebooter-20250623121255203_3.jar /Users/danielefford/Documents/SD12/04-DevOps/local-tech-support-server/target/surefire 2025-06-23T12-12-55_139-jvmRun1 surefire-20250623121255203_1tmp surefire_0-20250623121255203_2tmp"/>
    <property name="http.nonProxyHosts" value="local|*.local|169.254/16|*.169.254/16"/>
    <property name="jdk.debug" value="release"/>
    <property name="test" value="TicketRepositoryTest"/>
    <property name="surefire.test.class.path" value="/Users/danielefford/Documents/SD12/04-DevOps/local-tech-support-server/target/test-classes:/Users/danielefford/Documents/SD12/04-DevOps/local-tech-support-server/target/classes:/Users/danielefford/.m2/repository/org/springframework/boot/spring-boot-starter-data-jpa/3.5.0/spring-boot-starter-data-jpa-3.5.0.jar:/Users/danielefford/.m2/repository/org/springframework/boot/spring-boot-starter/3.5.0/spring-boot-starter-3.5.0.jar:/Users/danielefford/.m2/repository/org/springframework/boot/spring-boot-starter-logging/3.5.0/spring-boot-starter-logging-3.5.0.jar:/Users/danielefford/.m2/repository/ch/qos/logback/logback-classic/1.5.18/logback-classic-1.5.18.jar:/Users/danielefford/.m2/repository/ch/qos/logback/logback-core/1.5.18/logback-core-1.5.18.jar:/Users/danielefford/.m2/repository/org/apache/logging/log4j/log4j-to-slf4j/2.24.3/log4j-to-slf4j-2.24.3.jar:/Users/danielefford/.m2/repository/org/apache/logging/log4j/log4j-api/2.24.3/log4j-api-2.24.3.jar:/Users/danielefford/.m2/repository/org/slf4j/jul-to-slf4j/2.0.17/jul-to-slf4j-2.0.17.jar:/Users/danielefford/.m2/repository/jakarta/annotation/jakarta.annotation-api/2.1.1/jakarta.annotation-api-2.1.1.jar:/Users/danielefford/.m2/repository/org/yaml/snakeyaml/2.4/snakeyaml-2.4.jar:/Users/danielefford/.m2/repository/org/springframework/boot/spring-boot-starter-jdbc/3.5.0/spring-boot-starter-jdbc-3.5.0.jar:/Users/danielefford/.m2/repository/com/zaxxer/HikariCP/6.3.0/HikariCP-6.3.0.jar:/Users/danielefford/.m2/repository/org/springframework/spring-jdbc/6.2.7/spring-jdbc-6.2.7.jar:/Users/danielefford/.m2/repository/org/hibernate/orm/hibernate-core/6.6.15.Final/hibernate-core-6.6.15.Final.jar:/Users/danielefford/.m2/repository/jakarta/persistence/jakarta.persistence-api/3.1.0/jakarta.persistence-api-3.1.0.jar:/Users/danielefford/.m2/repository/jakarta/transaction/jakarta.transaction-api/2.0.1/jakarta.transaction-api-2.0.1.jar:/Users/danielefford/.m2/repository/org/jboss/logging/jboss-logging/3.6.1.Final/jboss-logging-3.6.1.Final.jar:/Users/danielefford/.m2/repository/org/hibernate/common/hibernate-commons-annotations/7.0.3.Final/hibernate-commons-annotations-7.0.3.Final.jar:/Users/danielefford/.m2/repository/io/smallrye/jandex/3.2.0/jandex-3.2.0.jar:/Users/danielefford/.m2/repository/com/fasterxml/classmate/1.7.0/classmate-1.7.0.jar:/Users/danielefford/.m2/repository/net/bytebuddy/byte-buddy/1.17.5/byte-buddy-1.17.5.jar:/Users/danielefford/.m2/repository/org/glassfish/jaxb/jaxb-runtime/4.0.5/jaxb-runtime-4.0.5.jar:/Users/danielefford/.m2/repository/org/glassfish/jaxb/jaxb-core/4.0.5/jaxb-core-4.0.5.jar:/Users/danielefford/.m2/repository/org/eclipse/angus/angus-activation/2.0.2/angus-activation-2.0.2.jar:/Users/danielefford/.m2/repository/org/glassfish/jaxb/txw2/4.0.5/txw2-4.0.5.jar:/Users/danielefford/.m2/repository/com/sun/istack/istack-commons-runtime/4.1.2/istack-commons-runtime-4.1.2.jar:/Users/danielefford/.m2/repository/jakarta/inject/jakarta.inject-api/2.0.1/jakarta.inject-api-2.0.1.jar:/Users/danielefford/.m2/repository/org/antlr/antlr4-runtime/4.13.0/antlr4-runtime-4.13.0.jar:/Users/danielefford/.m2/repository/org/springframework/data/spring-data-jpa/3.5.0/spring-data-jpa-3.5.0.jar:/Users/danielefford/.m2/repository/org/springframework/data/spring-data-commons/3.5.0/spring-data-commons-3.5.0.jar:/Users/danielefford/.m2/repository/org/springframework/spring-orm/6.2.7/spring-orm-6.2.7.jar:/Users/danielefford/.m2/repository/org/springframework/spring-context/6.2.7/spring-context-6.2.7.jar:/Users/danielefford/.m2/repository/org/springframework/spring-aop/6.2.7/spring-aop-6.2.7.jar:/Users/danielefford/.m2/repository/org/springframework/spring-tx/6.2.7/spring-tx-6.2.7.jar:/Users/danielefford/.m2/repository/org/springframework/spring-beans/6.2.7/spring-beans-6.2.7.jar:/Users/danielefford/.m2/repository/org/slf4j/slf4j-api/2.0.17/slf4j-api-2.0.17.jar:/Users/danielefford/.m2/repository/org/springframework/spring-aspects/6.2.7/spring-aspects-6.2.7.jar:/Users/danielefford/.m2/repository/org/aspectj/aspectjweaver/1.9.24/aspectjweaver-1.9.24.jar:/Users/danielefford/.m2/repository/org/springframework/boot/spring-boot-starter-web/3.5.0/spring-boot-starter-web-3.5.0.jar:/Users/danielefford/.m2/repository/org/springframework/boot/spring-boot-starter-json/3.5.0/spring-boot-starter-json-3.5.0.jar:/Users/danielefford/.m2/repository/com/fasterxml/jackson/core/jackson-databind/2.19.0/jackson-databind-2.19.0.jar:/Users/danielefford/.m2/repository/com/fasterxml/jackson/core/jackson-annotations/2.19.0/jackson-annotations-2.19.0.jar:/Users/danielefford/.m2/repository/com/fasterxml/jackson/core/jackson-core/2.19.0/jackson-core-2.19.0.jar:/Users/danielefford/.m2/repository/com/fasterxml/jackson/datatype/jackson-datatype-jdk8/2.19.0/jackson-datatype-jdk8-2.19.0.jar:/Users/danielefford/.m2/repository/com/fasterxml/jackson/datatype/jackson-datatype-jsr310/2.19.0/jackson-datatype-jsr310-2.19.0.jar:/Users/danielefford/.m2/repository/com/fasterxml/jackson/module/jackson-module-parameter-names/2.19.0/jackson-module-parameter-names-2.19.0.jar:/Users/danielefford/.m2/repository/org/springframework/boot/spring-boot-starter-tomcat/3.5.0/spring-boot-starter-tomcat-3.5.0.jar:/Users/danielefford/.m2/repository/org/apache/tomcat/embed/tomcat-embed-core/10.1.41/tomcat-embed-core-10.1.41.jar:/Users/danielefford/.m2/repository/org/apache/tomcat/embed/tomcat-embed-websocket/10.1.41/tomcat-embed-websocket-10.1.41.jar:/Users/danielefford/.m2/repository/org/springframework/spring-web/6.2.7/spring-web-6.2.7.jar:/Users/danielefford/.m2/repository/io/micrometer/micrometer-observation/1.15.0/micrometer-observation-1.15.0.jar:/Users/danielefford/.m2/repository/io/micrometer/micrometer-commons/1.15.0/micrometer-commons-1.15.0.jar:/Users/danielefford/.m2/repository/org/springframework/spring-webmvc/6.2.7/spring-webmvc-6.2.7.jar:/Users/danielefford/.m2/repository/org/springframework/spring-expression/6.2.7/spring-expression-6.2.7.jar:/Users/danielefford/.m2/repository/org/springframework/boot/spring-boot-devtools/3.5.0/spring-boot-devtools-3.5.0.jar:/Users/danielefford/.m2/repository/org/springframework/boot/spring-boot/3.5.0/spring-boot-3.5.0.jar:/Users/danielefford/.m2/repository/org/springframework/boot/spring-boot-autoconfigure/3.5.0/spring-boot-autoconfigure-3.5.0.jar:/Users/danielefford/.m2/repository/com/h2database/h2/2.3.232/h2-2.3.232.jar:/Users/danielefford/.m2/repository/org/projectlombok/lombok/1.18.36/lombok-1.18.36.jar:/Users/danielefford/.m2/repository/com/mysql/mysql-connector-j/9.2.0/mysql-connector-j-9.2.0.jar:/Users/danielefford/.m2/repository/org/springframework/boot/spring-boot-starter-validation/3.5.0/spring-boot-starter-validation-3.5.0.jar:/Users/danielefford/.m2/repository/org/apache/tomcat/embed/tomcat-embed-el/10.1.41/tomcat-embed-el-10.1.41.jar:/Users/danielefford/.m2/repository/org/hibernate/validator/hibernate-validator/8.0.2.Final/hibernate-validator-8.0.2.Final.jar:/Users/danielefford/.m2/repository/jakarta/validation/jakarta.validation-api/3.0.2/jakarta.validation-api-3.0.2.jar:/Users/danielefford/.m2/repository/org/springframework/boot/spring-boot-starter-test/3.5.0/spring-boot-starter-test-3.5.0.jar:/Users/danielefford/.m2/repository/org/springframework/boot/spring-boot-test/3.5.0/spring-boot-test-3.5.0.jar:/Users/danielefford/.m2/repository/org/springframework/boot/spring-boot-test-autoconfigure/3.5.0/spring-boot-test-autoconfigure-3.5.0.jar:/Users/danielefford/.m2/repository/com/jayway/jsonpath/json-path/2.9.0/json-path-2.9.0.jar:/Users/danielefford/.m2/repository/jakarta/xml/bind/jakarta.xml.bind-api/4.0.2/jakarta.xml.bind-api-4.0.2.jar:/Users/danielefford/.m2/repository/jakarta/activation/jakarta.activation-api/2.1.3/jakarta.activation-api-2.1.3.jar:/Users/danielefford/.m2/repository/net/minidev/json-smart/2.5.2/json-smart-2.5.2.jar:/Users/danielefford/.m2/repository/net/minidev/accessors-smart/2.5.2/accessors-smart-2.5.2.jar:/Users/danielefford/.m2/repository/org/ow2/asm/asm/9.7.1/asm-9.7.1.jar:/Users/danielefford/.m2/repository/org/assertj/assertj-core/3.27.3/assertj-core-3.27.3.jar:/Users/danielefford/.m2/repository/org/awaitility/awaitility/4.3.0/awaitility-4.3.0.jar:/Users/danielefford/.m2/repository/org/hamcrest/hamcrest/3.0/hamcrest-3.0.jar:/Users/danielefford/.m2/repository/org/junit/jupiter/junit-jupiter/5.12.2/junit-jupiter-5.12.2.jar:/Users/danielefford/.m2/repository/org/junit/jupiter/junit-jupiter-api/5.12.2/junit-jupiter-api-5.12.2.jar:/Users/danielefford/.m2/repository/org/opentest4j/opentest4j/1.3.0/opentest4j-1.3.0.jar:/Users/danielefford/.m2/repository/org/junit/platform/junit-platform-commons/1.12.2/junit-platform-commons-1.12.2.jar:/Users/danielefford/.m2/repository/org/apiguardian/apiguardian-api/1.1.2/apiguardian-api-1.1.2.jar:/Users/danielefford/.m2/repository/org/junit/jupiter/junit-jupiter-params/5.12.2/junit-jupiter-params-5.12.2.jar:/Users/danielefford/.m2/repository/org/junit/jupiter/junit-jupiter-engine/5.12.2/junit-jupiter-engine-5.12.2.jar:/Users/danielefford/.m2/repository/org/junit/platform/junit-platform-engine/1.12.2/junit-platform-engine-1.12.2.jar:/Users/danielefford/.m2/repository/org/mockito/mockito-core/5.17.0/mockito-core-5.17.0.jar:/Users/danielefford/.m2/repository/net/bytebuddy/byte-buddy-agent/1.17.5/byte-buddy-agent-1.17.5.jar:/Users/danielefford/.m2/repository/org/objenesis/objenesis/3.3/objenesis-3.3.jar:/Users/danielefford/.m2/repository/org/mockito/mockito-junit-jupiter/5.17.0/mockito-junit-jupiter-5.17.0.jar:/Users/danielefford/.m2/repository/org/skyscreamer/jsonassert/1.5.3/jsonassert-1.5.3.jar:/Users/danielefford/.m2/repository/com/vaadin/external/google/android-json/0.0.20131108.vaadin1/android-json-0.0.20131108.vaadin1.jar:/Users/danielefford/.m2/repository/org/springframework/spring-core/6.2.7/spring-core-6.2.7.jar:/Users/danielefford/.m2/repository/org/springframework/spring-jcl/6.2.7/spring-jcl-6.2.7.jar:/Users/danielefford/.m2/repository/org/springframework/spring-test/6.2.7/spring-test-6.2.7.jar:/Users/danielefford/.m2/repository/org/xmlunit/xmlunit-core/2.10.1/xmlunit-core-2.10.1.jar:/Users/danielefford/.m2/repository/com/unboundid/unboundid-ldapsdk/7.0.2/unboundid-ldapsdk-7.0.2.jar:"/>
    <property name="sun.cpu.endian" value="little"/>
    <property name="user.home" value="/Users/danielefford"/>
    <property name="user.language" value="en"/>
    <property name="java.specification.vendor" value="Oracle Corporation"/>
    <property name="java.version.date" value="2025-01-21"/>
    <property name="java.home" value="/opt/homebrew/Cellar/openjdk/23.0.2/libexec/openjdk.jdk/Contents/Home"/>
    <property name="file.separator" value="/"/>
    <property name="basedir" value="/Users/danielefford/Documents/SD12/04-DevOps/local-tech-support-server"/>
    <property name="java.vm.compressedOopsMode" value="Zero based"/>
    <property name="line.separator" value="&#10;"/>
    <property name="java.vm.specification.vendor" value="Oracle Corporation"/>
    <property name="java.specification.name" value="Java Platform API Specification"/>
    <property name="FILE_LOG_CHARSET" value="UTF-8"/>
    <property name="java.awt.headless" value="true"/>
    <property name="apple.awt.application.name" value="ForkedBooter"/>
    <property name="surefire.real.class.path" value="/Users/danielefford/Documents/SD12/04-DevOps/local-tech-support-server/target/surefire/surefirebooter-20250623121255203_3.jar"/>
    <property name="sun.management.compiler" value="HotSpot 64-Bit Tiered Compilers"/>
    <property name="ftp.nonProxyHosts" value="local|*.local|169.254/16|*.169.254/16"/>
    <property name="java.runtime.version" value="23.0.2"/>
    <property name="user.name" value="danielefford"/>
    <property name="stdout.encoding" value="UTF-8"/>
    <property name="path.separator" value=":"/>
    <property name="os.version" value="14.5"/>
    <property name="java.runtime.name" value="OpenJDK Runtime Environment"/>
    <property name="file.encoding" value="UTF-8"/>
    <property name="java.vm.name" value="OpenJDK 64-Bit Server VM"/>
    <property name="java.vendor.version" value="Homebrew"/>
    <property name="localRepository" value="/Users/danielefford/.m2/repository"/>
    <property name="java.vendor.url.bug" value="https://github.com/Homebrew/homebrew-core/issues"/>
    <property name="java.io.tmpdir" value="/var/folders/31/ff4c8zz556b39j3nz1fsbr7c0000gn/T/"/>
    <property name="java.version" value="23.0.2"/>
    <property name="user.dir" value="/Users/danielefford/Documents/SD12/04-DevOps/local-tech-support-server"/>
    <property name="os.arch" value="aarch64"/>
    <property name="java.vm.specification.name" value="Java Virtual Machine Specification"/>
    <property name="PID" value="67095"/>
    <property name="CONSOLE_LOG_CHARSET" value="UTF-8"/>
    <property name="native.encoding" value="UTF-8"/>
    <property name="java.library.path" value="/Users/danielefford/Library/Java/Extensions:/Library/Java/Extensions:/Network/Library/Java/Extensions:/System/Library/Java/Extensions:/usr/lib/java:."/>
    <property name="java.vm.info" value="mixed mode, sharing"/>
    <property name="stderr.encoding" value="UTF-8"/>
    <property name="java.vendor" value="Homebrew"/>
    <property name="java.vm.version" value="23.0.2"/>
    <property name="sun.io.unicode.encoding" value="UnicodeBig"/>
    <property name="socksNonProxyHosts" value="local|*.local|169.254/16|*.169.254/16"/>
    <property name="java.class.version" value="67.0"/>
    <property name="LOGGED_APPLICATION_NAME" value="[tech-support-server] "/>
  </properties>
  <testcase name="shouldHandleFirstPageCorrectly" classname="com.localtechsupport.repository.TicketRepositoryTest$PaginationTests" time="0.063">
    <system-out><![CDATA[2025-06-23T12:13:07.370-02:30  INFO 67095 --- [tech-support-server] [           main] t.c.s.AnnotationConfigContextLoaderUtils : Could not detect default configuration classes for test class [com.localtechsupport.repository.TicketRepositoryTest$PaginationTests]: PaginationTests does not declare any static, non-private, non-final, nested classes annotated with @Configuration.
2025-06-23T12:13:07.390-02:30  INFO 67095 --- [tech-support-server] [           main] .b.t.c.SpringBootTestContextBootstrapper : Found @SpringBootConfiguration com.localtechsupport.TechSupportServerApplication for test class com.localtechsupport.repository.TicketRepositoryTest$PaginationTests
2025-06-23T12:13:07.399-02:30 DEBUG 67095 --- [tech-support-server] [           main] org.hibernate.SQL                        : 
    DELETE 
    FROM
        ticket_history
Hibernate: 
    DELETE 
    FROM
        ticket_history
2025-06-23T12:13:07.401-02:30 DEBUG 67095 --- [tech-support-server] [           main] org.hibernate.SQL                        : 
    DELETE 
    FROM
        feedback_entries
Hibernate: 
    DELETE 
    FROM
        feedback_entries
2025-06-23T12:13:07.401-02:30 DEBUG 67095 --- [tech-support-server] [           main] org.hibernate.SQL                        : 
    DELETE 
    FROM
        appointments
Hibernate: 
    DELETE 
    FROM
        appointments
2025-06-23T12:13:07.401-02:30 DEBUG 67095 --- [tech-support-server] [           main] org.hibernate.SQL                        : 
    DELETE 
    FROM
        tickets
Hibernate: 
    DELETE 
    FROM
        tickets
2025-06-23T12:13:07.401-02:30 DEBUG 67095 --- [tech-support-server] [           main] org.hibernate.SQL                        : 
    DELETE 
    FROM
        technician_skills
Hibernate: 
    DELETE 
    FROM
        technician_skills
2025-06-23T12:13:07.402-02:30 DEBUG 67095 --- [tech-support-server] [           main] org.hibernate.SQL                        : 
    DELETE 
    FROM
        technicians
Hibernate: 
    DELETE 
    FROM
        technicians
2025-06-23T12:13:07.402-02:30 DEBUG 67095 --- [tech-support-server] [           main] org.hibernate.SQL                        : 
    DELETE 
    FROM
        clients
Hibernate: 
    DELETE 
    FROM
        clients
2025-06-23T12:13:07.402-02:30 DEBUG 67095 --- [tech-support-server] [           main] org.hibernate.SQL                        : 
    ALTER TABLE ticket_history ALTER COLUMN id RESTART WITH 1
Hibernate: 
    ALTER TABLE ticket_history ALTER COLUMN id RESTART WITH 1
2025-06-23T12:13:07.402-02:30 DEBUG 67095 --- [tech-support-server] [           main] org.hibernate.SQL                        : 
    ALTER TABLE feedback_entries ALTER COLUMN id RESTART WITH 1
Hibernate: 
    ALTER TABLE feedback_entries ALTER COLUMN id RESTART WITH 1
2025-06-23T12:13:07.403-02:30 DEBUG 67095 --- [tech-support-server] [           main] org.hibernate.SQL                        : 
    ALTER TABLE appointments ALTER COLUMN id RESTART WITH 1
Hibernate: 
    ALTER TABLE appointments ALTER COLUMN id RESTART WITH 1
2025-06-23T12:13:07.403-02:30 DEBUG 67095 --- [tech-support-server] [           main] org.hibernate.SQL                        : 
    ALTER TABLE tickets ALTER COLUMN id RESTART WITH 1
Hibernate: 
    ALTER TABLE tickets ALTER COLUMN id RESTART WITH 1
2025-06-23T12:13:07.404-02:30 DEBUG 67095 --- [tech-support-server] [           main] org.hibernate.SQL                        : 
    ALTER TABLE technician_skills ALTER COLUMN id RESTART WITH 1
Hibernate: 
    ALTER TABLE technician_skills ALTER COLUMN id RESTART WITH 1
2025-06-23T12:13:07.404-02:30 DEBUG 67095 --- [tech-support-server] [           main] org.hibernate.SQL                        : 
    ALTER TABLE technicians ALTER COLUMN id RESTART WITH 1
Hibernate: 
    ALTER TABLE technicians ALTER COLUMN id RESTART WITH 1
2025-06-23T12:13:07.405-02:30 DEBUG 67095 --- [tech-support-server] [           main] org.hibernate.SQL                        : 
    ALTER TABLE clients ALTER COLUMN id RESTART WITH 1
Hibernate: 
    ALTER TABLE clients ALTER COLUMN id RESTART WITH 1
2025-06-23T12:13:07.407-02:30 DEBUG 67095 --- [tech-support-server] [           main] org.hibernate.SQL                        : 
    insert 
    into
        clients
        (address, created_at, email, first_name, last_name, notes, phone, status, updated_at, id) 
    values
        (?, ?, ?, ?, ?, ?, ?, ?, ?, default)
Hibernate: 
    insert 
    into
        clients
        (address, created_at, email, first_name, last_name, notes, phone, status, updated_at, id) 
    values
        (?, ?, ?, ?, ?, ?, ?, ?, ?, default)
2025-06-23T12:13:07.409-02:30 DEBUG 67095 --- [tech-support-server] [           main] org.hibernate.SQL                        : 
    insert 
    into
        tickets
        (technician_id, client_id, created_at, description, due_at, service_type, status, id) 
    values
        (?, ?, ?, ?, ?, ?, ?, default)
Hibernate: 
    insert 
    into
        tickets
        (technician_id, client_id, created_at, description, due_at, service_type, status, id) 
    values
        (?, ?, ?, ?, ?, ?, ?, default)
2025-06-23T12:13:07.410-02:30 DEBUG 67095 --- [tech-support-server] [           main] org.hibernate.SQL                        : 
    insert 
    into
        clients
        (address, created_at, email, first_name, last_name, notes, phone, status, updated_at, id) 
    values
        (?, ?, ?, ?, ?, ?, ?, ?, ?, default)
Hibernate: 
    insert 
    into
        clients
        (address, created_at, email, first_name, last_name, notes, phone, status, updated_at, id) 
    values
        (?, ?, ?, ?, ?, ?, ?, ?, ?, default)
2025-06-23T12:13:07.411-02:30 DEBUG 67095 --- [tech-support-server] [           main] org.hibernate.SQL                        : 
    insert 
    into
        tickets
        (technician_id, client_id, created_at, description, due_at, service_type, status, id) 
    values
        (?, ?, ?, ?, ?, ?, ?, default)
Hibernate: 
    insert 
    into
        tickets
        (technician_id, client_id, created_at, description, due_at, service_type, status, id) 
    values
        (?, ?, ?, ?, ?, ?, ?, default)
2025-06-23T12:13:07.415-02:30 DEBUG 67095 --- [tech-support-server] [           main] org.hibernate.SQL                        : 
    insert 
    into
        clients
        (address, created_at, email, first_name, last_name, notes, phone, status, updated_at, id) 
    values
        (?, ?, ?, ?, ?, ?, ?, ?, ?, default)
Hibernate: 
    insert 
    into
        clients
        (address, created_at, email, first_name, last_name, notes, phone, status, updated_at, id) 
    values
        (?, ?, ?, ?, ?, ?, ?, ?, ?, default)
2025-06-23T12:13:07.417-02:30 DEBUG 67095 --- [tech-support-server] [           main] org.hibernate.SQL                        : 
    insert 
    into
        tickets
        (technician_id, client_id, created_at, description, due_at, service_type, status, id) 
    values
        (?, ?, ?, ?, ?, ?, ?, default)
Hibernate: 
    insert 
    into
        tickets
        (technician_id, client_id, created_at, description, due_at, service_type, status, id) 
    values
        (?, ?, ?, ?, ?, ?, ?, default)
2025-06-23T12:13:07.420-02:30 DEBUG 67095 --- [tech-support-server] [           main] org.hibernate.SQL                        : 
    insert 
    into
        clients
        (address, created_at, email, first_name, last_name, notes, phone, status, updated_at, id) 
    values
        (?, ?, ?, ?, ?, ?, ?, ?, ?, default)
Hibernate: 
    insert 
    into
        clients
        (address, created_at, email, first_name, last_name, notes, phone, status, updated_at, id) 
    values
        (?, ?, ?, ?, ?, ?, ?, ?, ?, default)
2025-06-23T12:13:07.422-02:30 DEBUG 67095 --- [tech-support-server] [           main] org.hibernate.SQL                        : 
    insert 
    into
        tickets
        (technician_id, client_id, created_at, description, due_at, service_type, status, id) 
    values
        (?, ?, ?, ?, ?, ?, ?, default)
Hibernate: 
    insert 
    into
        tickets
        (technician_id, client_id, created_at, description, due_at, service_type, status, id) 
    values
        (?, ?, ?, ?, ?, ?, ?, default)
2025-06-23T12:13:07.424-02:30 DEBUG 67095 --- [tech-support-server] [           main] org.hibernate.SQL                        : 
    insert 
    into
        clients
        (address, created_at, email, first_name, last_name, notes, phone, status, updated_at, id) 
    values
        (?, ?, ?, ?, ?, ?, ?, ?, ?, default)
Hibernate: 
    insert 
    into
        clients
        (address, created_at, email, first_name, last_name, notes, phone, status, updated_at, id) 
    values
        (?, ?, ?, ?, ?, ?, ?, ?, ?, default)
2025-06-23T12:13:07.425-02:30 DEBUG 67095 --- [tech-support-server] [           main] org.hibernate.SQL                        : 
    insert 
    into
        tickets
        (technician_id, client_id, created_at, description, due_at, service_type, status, id) 
    values
        (?, ?, ?, ?, ?, ?, ?, default)
Hibernate: 
    insert 
    into
        tickets
        (technician_id, client_id, created_at, description, due_at, service_type, status, id) 
    values
        (?, ?, ?, ?, ?, ?, ?, default)
2025-06-23T12:13:07.427-02:30 DEBUG 67095 --- [tech-support-server] [           main] org.hibernate.SQL                        : 
    insert 
    into
        clients
        (address, created_at, email, first_name, last_name, notes, phone, status, updated_at, id) 
    values
        (?, ?, ?, ?, ?, ?, ?, ?, ?, default)
Hibernate: 
    insert 
    into
        clients
        (address, created_at, email, first_name, last_name, notes, phone, status, updated_at, id) 
    values
        (?, ?, ?, ?, ?, ?, ?, ?, ?, default)
2025-06-23T12:13:07.429-02:30 DEBUG 67095 --- [tech-support-server] [           main] org.hibernate.SQL                        : 
    insert 
    into
        tickets
        (technician_id, client_id, created_at, description, due_at, service_type, status, id) 
    values
        (?, ?, ?, ?, ?, ?, ?, default)
Hibernate: 
    insert 
    into
        tickets
        (technician_id, client_id, created_at, description, due_at, service_type, status, id) 
    values
        (?, ?, ?, ?, ?, ?, ?, default)
2025-06-23T12:13:07.432-02:30 DEBUG 67095 --- [tech-support-server] [           main] org.hibernate.SQL                        : 
    insert 
    into
        clients
        (address, created_at, email, first_name, last_name, notes, phone, status, updated_at, id) 
    values
        (?, ?, ?, ?, ?, ?, ?, ?, ?, default)
Hibernate: 
    insert 
    into
        clients
        (address, created_at, email, first_name, last_name, notes, phone, status, updated_at, id) 
    values
        (?, ?, ?, ?, ?, ?, ?, ?, ?, default)
2025-06-23T12:13:07.434-02:30 DEBUG 67095 --- [tech-support-server] [           main] org.hibernate.SQL                        : 
    insert 
    into
        tickets
        (technician_id, client_id, created_at, description, due_at, service_type, status, id) 
    values
        (?, ?, ?, ?, ?, ?, ?, default)
Hibernate: 
    insert 
    into
        tickets
        (technician_id, client_id, created_at, description, due_at, service_type, status, id) 
    values
        (?, ?, ?, ?, ?, ?, ?, default)
2025-06-23T12:13:07.436-02:30 DEBUG 67095 --- [tech-support-server] [           main] org.hibernate.SQL                        : 
    insert 
    into
        clients
        (address, created_at, email, first_name, last_name, notes, phone, status, updated_at, id) 
    values
        (?, ?, ?, ?, ?, ?, ?, ?, ?, default)
Hibernate: 
    insert 
    into
        clients
        (address, created_at, email, first_name, last_name, notes, phone, status, updated_at, id) 
    values
        (?, ?, ?, ?, ?, ?, ?, ?, ?, default)
2025-06-23T12:13:07.438-02:30 DEBUG 67095 --- [tech-support-server] [           main] org.hibernate.SQL                        : 
    insert 
    into
        tickets
        (technician_id, client_id, created_at, description, due_at, service_type, status, id) 
    values
        (?, ?, ?, ?, ?, ?, ?, default)
Hibernate: 
    insert 
    into
        tickets
        (technician_id, client_id, created_at, description, due_at, service_type, status, id) 
    values
        (?, ?, ?, ?, ?, ?, ?, default)
2025-06-23T12:13:07.441-02:30 DEBUG 67095 --- [tech-support-server] [           main] org.hibernate.SQL                        : 
    insert 
    into
        clients
        (address, created_at, email, first_name, last_name, notes, phone, status, updated_at, id) 
    values
        (?, ?, ?, ?, ?, ?, ?, ?, ?, default)
Hibernate: 
    insert 
    into
        clients
        (address, created_at, email, first_name, last_name, notes, phone, status, updated_at, id) 
    values
        (?, ?, ?, ?, ?, ?, ?, ?, ?, default)
2025-06-23T12:13:07.443-02:30 DEBUG 67095 --- [tech-support-server] [           main] org.hibernate.SQL                        : 
    insert 
    into
        tickets
        (technician_id, client_id, created_at, description, due_at, service_type, status, id) 
    values
        (?, ?, ?, ?, ?, ?, ?, default)
Hibernate: 
    insert 
    into
        tickets
        (technician_id, client_id, created_at, description, due_at, service_type, status, id) 
    values
        (?, ?, ?, ?, ?, ?, ?, default)
2025-06-23T12:13:07.445-02:30 DEBUG 67095 --- [tech-support-server] [           main] org.hibernate.SQL                        : 
    insert 
    into
        clients
        (address, created_at, email, first_name, last_name, notes, phone, status, updated_at, id) 
    values
        (?, ?, ?, ?, ?, ?, ?, ?, ?, default)
Hibernate: 
    insert 
    into
        clients
        (address, created_at, email, first_name, last_name, notes, phone, status, updated_at, id) 
    values
        (?, ?, ?, ?, ?, ?, ?, ?, ?, default)
2025-06-23T12:13:07.447-02:30 DEBUG 67095 --- [tech-support-server] [           main] org.hibernate.SQL                        : 
    insert 
    into
        tickets
        (technician_id, client_id, created_at, description, due_at, service_type, status, id) 
    values
        (?, ?, ?, ?, ?, ?, ?, default)
Hibernate: 
    insert 
    into
        tickets
        (technician_id, client_id, created_at, description, due_at, service_type, status, id) 
    values
        (?, ?, ?, ?, ?, ?, ?, default)
2025-06-23T12:13:07.452-02:30 DEBUG 67095 --- [tech-support-server] [           main] org.hibernate.SQL                        : 
    select
        t1_0.id,
        t1_0.technician_id,
        t1_0.client_id,
        t1_0.created_at,
        t1_0.description,
        t1_0.due_at,
        t1_0.service_type,
        t1_0.status 
    from
        tickets t1_0 
    where
        t1_0.status=? 
    fetch
        first ? rows only
Hibernate: 
    select
        t1_0.id,
        t1_0.technician_id,
        t1_0.client_id,
        t1_0.created_at,
        t1_0.description,
        t1_0.due_at,
        t1_0.service_type,
        t1_0.status 
    from
        tickets t1_0 
    where
        t1_0.status=? 
    fetch
        first ? rows only
2025-06-23T12:13:07.454-02:30 DEBUG 67095 --- [tech-support-server] [           main] org.hibernate.SQL                        : 
    select
        count(t1_0.id) 
    from
        tickets t1_0 
    where
        t1_0.status=?
Hibernate: 
    select
        count(t1_0.id) 
    from
        tickets t1_0 
    where
        t1_0.status=?
]]></system-out>
  </testcase>
  <testcase name="shouldHandleEmptyResultsWithPagination" classname="com.localtechsupport.repository.TicketRepositoryTest$PaginationTests" time="0.013">
    <system-out><![CDATA[2025-06-23T12:13:07.463-02:30 DEBUG 67095 --- [tech-support-server] [           main] org.hibernate.SQL                        : 
    DELETE 
    FROM
        ticket_history
Hibernate: 
    DELETE 
    FROM
        ticket_history
2025-06-23T12:13:07.464-02:30 DEBUG 67095 --- [tech-support-server] [           main] org.hibernate.SQL                        : 
    DELETE 
    FROM
        feedback_entries
Hibernate: 
    DELETE 
    FROM
        feedback_entries
2025-06-23T12:13:07.464-02:30 DEBUG 67095 --- [tech-support-server] [           main] org.hibernate.SQL                        : 
    DELETE 
    FROM
        appointments
Hibernate: 
    DELETE 
    FROM
        appointments
2025-06-23T12:13:07.464-02:30 DEBUG 67095 --- [tech-support-server] [           main] org.hibernate.SQL                        : 
    DELETE 
    FROM
        tickets
Hibernate: 
    DELETE 
    FROM
        tickets
2025-06-23T12:13:07.464-02:30 DEBUG 67095 --- [tech-support-server] [           main] org.hibernate.SQL                        : 
    DELETE 
    FROM
        technician_skills
Hibernate: 
    DELETE 
    FROM
        technician_skills
2025-06-23T12:13:07.465-02:30 DEBUG 67095 --- [tech-support-server] [           main] org.hibernate.SQL                        : 
    DELETE 
    FROM
        technicians
Hibernate: 
    DELETE 
    FROM
        technicians
2025-06-23T12:13:07.465-02:30 DEBUG 67095 --- [tech-support-server] [           main] org.hibernate.SQL                        : 
    DELETE 
    FROM
        clients
Hibernate: 
    DELETE 
    FROM
        clients
2025-06-23T12:13:07.465-02:30 DEBUG 67095 --- [tech-support-server] [           main] org.hibernate.SQL                        : 
    ALTER TABLE ticket_history ALTER COLUMN id RESTART WITH 1
Hibernate: 
    ALTER TABLE ticket_history ALTER COLUMN id RESTART WITH 1
2025-06-23T12:13:07.465-02:30 DEBUG 67095 --- [tech-support-server] [           main] org.hibernate.SQL                        : 
    ALTER TABLE feedback_entries ALTER COLUMN id RESTART WITH 1
Hibernate: 
    ALTER TABLE feedback_entries ALTER COLUMN id RESTART WITH 1
2025-06-23T12:13:07.465-02:30 DEBUG 67095 --- [tech-support-server] [           main] org.hibernate.SQL                        : 
    ALTER TABLE appointments ALTER COLUMN id RESTART WITH 1
Hibernate: 
    ALTER TABLE appointments ALTER COLUMN id RESTART WITH 1
2025-06-23T12:13:07.466-02:30 DEBUG 67095 --- [tech-support-server] [           main] org.hibernate.SQL                        : 
    ALTER TABLE tickets ALTER COLUMN id RESTART WITH 1
Hibernate: 
    ALTER TABLE tickets ALTER COLUMN id RESTART WITH 1
2025-06-23T12:13:07.466-02:30 DEBUG 67095 --- [tech-support-server] [           main] org.hibernate.SQL                        : 
    ALTER TABLE technician_skills ALTER COLUMN id RESTART WITH 1
Hibernate: 
    ALTER TABLE technician_skills ALTER COLUMN id RESTART WITH 1
2025-06-23T12:13:07.467-02:30 DEBUG 67095 --- [tech-support-server] [           main] org.hibernate.SQL                        : 
    ALTER TABLE technicians ALTER COLUMN id RESTART WITH 1
Hibernate: 
    ALTER TABLE technicians ALTER COLUMN id RESTART WITH 1
2025-06-23T12:13:07.467-02:30 DEBUG 67095 --- [tech-support-server] [           main] org.hibernate.SQL                        : 
    ALTER TABLE clients ALTER COLUMN id RESTART WITH 1
Hibernate: 
    ALTER TABLE clients ALTER COLUMN id RESTART WITH 1
2025-06-23T12:13:07.470-02:30 DEBUG 67095 --- [tech-support-server] [           main] org.hibernate.SQL                        : 
    select
        t1_0.id,
        t1_0.technician_id,
        t1_0.client_id,
        t1_0.created_at,
        t1_0.description,
        t1_0.due_at,
        t1_0.service_type,
        t1_0.status 
    from
        tickets t1_0 
    where
        t1_0.status=? 
    fetch
        first ? rows only
Hibernate: 
    select
        t1_0.id,
        t1_0.technician_id,
        t1_0.client_id,
        t1_0.created_at,
        t1_0.description,
        t1_0.due_at,
        t1_0.service_type,
        t1_0.status 
    from
        tickets t1_0 
    where
        t1_0.status=? 
    fetch
        first ? rows only
]]></system-out>
  </testcase>
  <testcase name="shouldHandlePageBeyondAvailableData" classname="com.localtechsupport.repository.TicketRepositoryTest$PaginationTests" time="0.042">
    <system-out><![CDATA[2025-06-23T12:13:07.478-02:30 DEBUG 67095 --- [tech-support-server] [           main] org.hibernate.SQL                        : 
    DELETE 
    FROM
        ticket_history
Hibernate: 
    DELETE 
    FROM
        ticket_history
2025-06-23T12:13:07.479-02:30 DEBUG 67095 --- [tech-support-server] [           main] org.hibernate.SQL                        : 
    DELETE 
    FROM
        feedback_entries
Hibernate: 
    DELETE 
    FROM
        feedback_entries
2025-06-23T12:13:07.479-02:30 DEBUG 67095 --- [tech-support-server] [           main] org.hibernate.SQL                        : 
    DELETE 
    FROM
        appointments
Hibernate: 
    DELETE 
    FROM
        appointments
2025-06-23T12:13:07.479-02:30 DEBUG 67095 --- [tech-support-server] [           main] org.hibernate.SQL                        : 
    DELETE 
    FROM
        tickets
Hibernate: 
    DELETE 
    FROM
        tickets
2025-06-23T12:13:07.479-02:30 DEBUG 67095 --- [tech-support-server] [           main] org.hibernate.SQL                        : 
    DELETE 
    FROM
        technician_skills
Hibernate: 
    DELETE 
    FROM
        technician_skills
2025-06-23T12:13:07.479-02:30 DEBUG 67095 --- [tech-support-server] [           main] org.hibernate.SQL                        : 
    DELETE 
    FROM
        technicians
Hibernate: 
    DELETE 
    FROM
        technicians
2025-06-23T12:13:07.479-02:30 DEBUG 67095 --- [tech-support-server] [           main] org.hibernate.SQL                        : 
    DELETE 
    FROM
        clients
Hibernate: 
    DELETE 
    FROM
        clients
2025-06-23T12:13:07.480-02:30 DEBUG 67095 --- [tech-support-server] [           main] org.hibernate.SQL                        : 
    ALTER TABLE ticket_history ALTER COLUMN id RESTART WITH 1
Hibernate: 
    ALTER TABLE ticket_history ALTER COLUMN id RESTART WITH 1
2025-06-23T12:13:07.481-02:30 DEBUG 67095 --- [tech-support-server] [           main] org.hibernate.SQL                        : 
    ALTER TABLE feedback_entries ALTER COLUMN id RESTART WITH 1
Hibernate: 
    ALTER TABLE feedback_entries ALTER COLUMN id RESTART WITH 1
2025-06-23T12:13:07.481-02:30 DEBUG 67095 --- [tech-support-server] [           main] org.hibernate.SQL                        : 
    ALTER TABLE appointments ALTER COLUMN id RESTART WITH 1
Hibernate: 
    ALTER TABLE appointments ALTER COLUMN id RESTART WITH 1
2025-06-23T12:13:07.481-02:30 DEBUG 67095 --- [tech-support-server] [           main] org.hibernate.SQL                        : 
    ALTER TABLE tickets ALTER COLUMN id RESTART WITH 1
Hibernate: 
    ALTER TABLE tickets ALTER COLUMN id RESTART WITH 1
2025-06-23T12:13:07.481-02:30 DEBUG 67095 --- [tech-support-server] [           main] org.hibernate.SQL                        : 
    ALTER TABLE technician_skills ALTER COLUMN id RESTART WITH 1
Hibernate: 
    ALTER TABLE technician_skills ALTER COLUMN id RESTART WITH 1
2025-06-23T12:13:07.482-02:30 DEBUG 67095 --- [tech-support-server] [           main] org.hibernate.SQL                        : 
    ALTER TABLE technicians ALTER COLUMN id RESTART WITH 1
Hibernate: 
    ALTER TABLE technicians ALTER COLUMN id RESTART WITH 1
2025-06-23T12:13:07.482-02:30 DEBUG 67095 --- [tech-support-server] [           main] org.hibernate.SQL                        : 
    ALTER TABLE clients ALTER COLUMN id RESTART WITH 1
Hibernate: 
    ALTER TABLE clients ALTER COLUMN id RESTART WITH 1
2025-06-23T12:13:07.483-02:30 DEBUG 67095 --- [tech-support-server] [           main] org.hibernate.SQL                        : 
    insert 
    into
        clients
        (address, created_at, email, first_name, last_name, notes, phone, status, updated_at, id) 
    values
        (?, ?, ?, ?, ?, ?, ?, ?, ?, default)
Hibernate: 
    insert 
    into
        clients
        (address, created_at, email, first_name, last_name, notes, phone, status, updated_at, id) 
    values
        (?, ?, ?, ?, ?, ?, ?, ?, ?, default)
2025-06-23T12:13:07.484-02:30 DEBUG 67095 --- [tech-support-server] [           main] org.hibernate.SQL                        : 
    insert 
    into
        tickets
        (technician_id, client_id, created_at, description, due_at, service_type, status, id) 
    values
        (?, ?, ?, ?, ?, ?, ?, default)
Hibernate: 
    insert 
    into
        tickets
        (technician_id, client_id, created_at, description, due_at, service_type, status, id) 
    values
        (?, ?, ?, ?, ?, ?, ?, default)
2025-06-23T12:13:07.486-02:30 DEBUG 67095 --- [tech-support-server] [           main] org.hibernate.SQL                        : 
    insert 
    into
        clients
        (address, created_at, email, first_name, last_name, notes, phone, status, updated_at, id) 
    values
        (?, ?, ?, ?, ?, ?, ?, ?, ?, default)
Hibernate: 
    insert 
    into
        clients
        (address, created_at, email, first_name, last_name, notes, phone, status, updated_at, id) 
    values
        (?, ?, ?, ?, ?, ?, ?, ?, ?, default)
2025-06-23T12:13:07.487-02:30 DEBUG 67095 --- [tech-support-server] [           main] org.hibernate.SQL                        : 
    insert 
    into
        tickets
        (technician_id, client_id, created_at, description, due_at, service_type, status, id) 
    values
        (?, ?, ?, ?, ?, ?, ?, default)
Hibernate: 
    insert 
    into
        tickets
        (technician_id, client_id, created_at, description, due_at, service_type, status, id) 
    values
        (?, ?, ?, ?, ?, ?, ?, default)
2025-06-23T12:13:07.488-02:30 DEBUG 67095 --- [tech-support-server] [           main] org.hibernate.SQL                        : 
    insert 
    into
        clients
        (address, created_at, email, first_name, last_name, notes, phone, status, updated_at, id) 
    values
        (?, ?, ?, ?, ?, ?, ?, ?, ?, default)
Hibernate: 
    insert 
    into
        clients
        (address, created_at, email, first_name, last_name, notes, phone, status, updated_at, id) 
    values
        (?, ?, ?, ?, ?, ?, ?, ?, ?, default)
2025-06-23T12:13:07.490-02:30 DEBUG 67095 --- [tech-support-server] [           main] org.hibernate.SQL                        : 
    insert 
    into
        tickets
        (technician_id, client_id, created_at, description, due_at, service_type, status, id) 
    values
        (?, ?, ?, ?, ?, ?, ?, default)
Hibernate: 
    insert 
    into
        tickets
        (technician_id, client_id, created_at, description, due_at, service_type, status, id) 
    values
        (?, ?, ?, ?, ?, ?, ?, default)
2025-06-23T12:13:07.491-02:30 DEBUG 67095 --- [tech-support-server] [           main] org.hibernate.SQL                        : 
    insert 
    into
        clients
        (address, created_at, email, first_name, last_name, notes, phone, status, updated_at, id) 
    values
        (?, ?, ?, ?, ?, ?, ?, ?, ?, default)
Hibernate: 
    insert 
    into
        clients
        (address, created_at, email, first_name, last_name, notes, phone, status, updated_at, id) 
    values
        (?, ?, ?, ?, ?, ?, ?, ?, ?, default)
2025-06-23T12:13:07.493-02:30 DEBUG 67095 --- [tech-support-server] [           main] org.hibernate.SQL                        : 
    insert 
    into
        tickets
        (technician_id, client_id, created_at, description, due_at, service_type, status, id) 
    values
        (?, ?, ?, ?, ?, ?, ?, default)
Hibernate: 
    insert 
    into
        tickets
        (technician_id, client_id, created_at, description, due_at, service_type, status, id) 
    values
        (?, ?, ?, ?, ?, ?, ?, default)
2025-06-23T12:13:07.494-02:30 DEBUG 67095 --- [tech-support-server] [           main] org.hibernate.SQL                        : 
    insert 
    into
        clients
        (address, created_at, email, first_name, last_name, notes, phone, status, updated_at, id) 
    values
        (?, ?, ?, ?, ?, ?, ?, ?, ?, default)
Hibernate: 
    insert 
    into
        clients
        (address, created_at, email, first_name, last_name, notes, phone, status, updated_at, id) 
    values
        (?, ?, ?, ?, ?, ?, ?, ?, ?, default)
2025-06-23T12:13:07.495-02:30 DEBUG 67095 --- [tech-support-server] [           main] org.hibernate.SQL                        : 
    insert 
    into
        tickets
        (technician_id, client_id, created_at, description, due_at, service_type, status, id) 
    values
        (?, ?, ?, ?, ?, ?, ?, default)
Hibernate: 
    insert 
    into
        tickets
        (technician_id, client_id, created_at, description, due_at, service_type, status, id) 
    values
        (?, ?, ?, ?, ?, ?, ?, default)
2025-06-23T12:13:07.496-02:30 DEBUG 67095 --- [tech-support-server] [           main] org.hibernate.SQL                        : 
    insert 
    into
        clients
        (address, created_at, email, first_name, last_name, notes, phone, status, updated_at, id) 
    values
        (?, ?, ?, ?, ?, ?, ?, ?, ?, default)
Hibernate: 
    insert 
    into
        clients
        (address, created_at, email, first_name, last_name, notes, phone, status, updated_at, id) 
    values
        (?, ?, ?, ?, ?, ?, ?, ?, ?, default)
2025-06-23T12:13:07.498-02:30 DEBUG 67095 --- [tech-support-server] [           main] org.hibernate.SQL                        : 
    insert 
    into
        tickets
        (technician_id, client_id, created_at, description, due_at, service_type, status, id) 
    values
        (?, ?, ?, ?, ?, ?, ?, default)
Hibernate: 
    insert 
    into
        tickets
        (technician_id, client_id, created_at, description, due_at, service_type, status, id) 
    values
        (?, ?, ?, ?, ?, ?, ?, default)
2025-06-23T12:13:07.499-02:30 DEBUG 67095 --- [tech-support-server] [           main] org.hibernate.SQL                        : 
    insert 
    into
        clients
        (address, created_at, email, first_name, last_name, notes, phone, status, updated_at, id) 
    values
        (?, ?, ?, ?, ?, ?, ?, ?, ?, default)
Hibernate: 
    insert 
    into
        clients
        (address, created_at, email, first_name, last_name, notes, phone, status, updated_at, id) 
    values
        (?, ?, ?, ?, ?, ?, ?, ?, ?, default)
2025-06-23T12:13:07.500-02:30 DEBUG 67095 --- [tech-support-server] [           main] org.hibernate.SQL                        : 
    insert 
    into
        tickets
        (technician_id, client_id, created_at, description, due_at, service_type, status, id) 
    values
        (?, ?, ?, ?, ?, ?, ?, default)
Hibernate: 
    insert 
    into
        tickets
        (technician_id, client_id, created_at, description, due_at, service_type, status, id) 
    values
        (?, ?, ?, ?, ?, ?, ?, default)
2025-06-23T12:13:07.501-02:30 DEBUG 67095 --- [tech-support-server] [           main] org.hibernate.SQL                        : 
    insert 
    into
        clients
        (address, created_at, email, first_name, last_name, notes, phone, status, updated_at, id) 
    values
        (?, ?, ?, ?, ?, ?, ?, ?, ?, default)
Hibernate: 
    insert 
    into
        clients
        (address, created_at, email, first_name, last_name, notes, phone, status, updated_at, id) 
    values
        (?, ?, ?, ?, ?, ?, ?, ?, ?, default)
2025-06-23T12:13:07.502-02:30 DEBUG 67095 --- [tech-support-server] [           main] org.hibernate.SQL                        : 
    insert 
    into
        tickets
        (technician_id, client_id, created_at, description, due_at, service_type, status, id) 
    values
        (?, ?, ?, ?, ?, ?, ?, default)
Hibernate: 
    insert 
    into
        tickets
        (technician_id, client_id, created_at, description, due_at, service_type, status, id) 
    values
        (?, ?, ?, ?, ?, ?, ?, default)
2025-06-23T12:13:07.505-02:30 DEBUG 67095 --- [tech-support-server] [           main] org.hibernate.SQL                        : 
    insert 
    into
        clients
        (address, created_at, email, first_name, last_name, notes, phone, status, updated_at, id) 
    values
        (?, ?, ?, ?, ?, ?, ?, ?, ?, default)
Hibernate: 
    insert 
    into
        clients
        (address, created_at, email, first_name, last_name, notes, phone, status, updated_at, id) 
    values
        (?, ?, ?, ?, ?, ?, ?, ?, ?, default)
2025-06-23T12:13:07.506-02:30 DEBUG 67095 --- [tech-support-server] [           main] org.hibernate.SQL                        : 
    insert 
    into
        tickets
        (technician_id, client_id, created_at, description, due_at, service_type, status, id) 
    values
        (?, ?, ?, ?, ?, ?, ?, default)
Hibernate: 
    insert 
    into
        tickets
        (technician_id, client_id, created_at, description, due_at, service_type, status, id) 
    values
        (?, ?, ?, ?, ?, ?, ?, default)
2025-06-23T12:13:07.507-02:30 DEBUG 67095 --- [tech-support-server] [           main] org.hibernate.SQL                        : 
    insert 
    into
        clients
        (address, created_at, email, first_name, last_name, notes, phone, status, updated_at, id) 
    values
        (?, ?, ?, ?, ?, ?, ?, ?, ?, default)
Hibernate: 
    insert 
    into
        clients
        (address, created_at, email, first_name, last_name, notes, phone, status, updated_at, id) 
    values
        (?, ?, ?, ?, ?, ?, ?, ?, ?, default)
2025-06-23T12:13:07.508-02:30 DEBUG 67095 --- [tech-support-server] [           main] org.hibernate.SQL                        : 
    insert 
    into
        tickets
        (technician_id, client_id, created_at, description, due_at, service_type, status, id) 
    values
        (?, ?, ?, ?, ?, ?, ?, default)
Hibernate: 
    insert 
    into
        tickets
        (technician_id, client_id, created_at, description, due_at, service_type, status, id) 
    values
        (?, ?, ?, ?, ?, ?, ?, default)
2025-06-23T12:13:07.511-02:30 DEBUG 67095 --- [tech-support-server] [           main] org.hibernate.SQL                        : 
    select
        t1_0.id,
        t1_0.technician_id,
        t1_0.client_id,
        t1_0.created_at,
        t1_0.description,
        t1_0.due_at,
        t1_0.service_type,
        t1_0.status 
    from
        tickets t1_0 
    where
        t1_0.status=? 
    offset
        ? rows 
    fetch
        first ? rows only
Hibernate: 
    select
        t1_0.id,
        t1_0.technician_id,
        t1_0.client_id,
        t1_0.created_at,
        t1_0.description,
        t1_0.due_at,
        t1_0.service_type,
        t1_0.status 
    from
        tickets t1_0 
    where
        t1_0.status=? 
    offset
        ? rows 
    fetch
        first ? rows only
2025-06-23T12:13:07.513-02:30 DEBUG 67095 --- [tech-support-server] [           main] org.hibernate.SQL                        : 
    select
        count(t1_0.id) 
    from
        tickets t1_0 
    where
        t1_0.status=?
Hibernate: 
    select
        count(t1_0.id) 
    from
        tickets t1_0 
    where
        t1_0.status=?
]]></system-out>
  </testcase>
  <testcase name="shouldHandleSortingByDescriptionAscending" classname="com.localtechsupport.repository.TicketRepositoryTest$PaginationTests" time="0.038">
    <system-out><![CDATA[2025-06-23T12:13:07.520-02:30 DEBUG 67095 --- [tech-support-server] [           main] org.hibernate.SQL                        : 
    DELETE 
    FROM
        ticket_history
Hibernate: 
    DELETE 
    FROM
        ticket_history
2025-06-23T12:13:07.521-02:30 DEBUG 67095 --- [tech-support-server] [           main] org.hibernate.SQL                        : 
    DELETE 
    FROM
        feedback_entries
Hibernate: 
    DELETE 
    FROM
        feedback_entries
2025-06-23T12:13:07.521-02:30 DEBUG 67095 --- [tech-support-server] [           main] org.hibernate.SQL                        : 
    DELETE 
    FROM
        appointments
Hibernate: 
    DELETE 
    FROM
        appointments
2025-06-23T12:13:07.521-02:30 DEBUG 67095 --- [tech-support-server] [           main] org.hibernate.SQL                        : 
    DELETE 
    FROM
        tickets
Hibernate: 
    DELETE 
    FROM
        tickets
2025-06-23T12:13:07.522-02:30 DEBUG 67095 --- [tech-support-server] [           main] org.hibernate.SQL                        : 
    DELETE 
    FROM
        technician_skills
Hibernate: 
    DELETE 
    FROM
        technician_skills
2025-06-23T12:13:07.522-02:30 DEBUG 67095 --- [tech-support-server] [           main] org.hibernate.SQL                        : 
    DELETE 
    FROM
        technicians
Hibernate: 
    DELETE 
    FROM
        technicians
2025-06-23T12:13:07.522-02:30 DEBUG 67095 --- [tech-support-server] [           main] org.hibernate.SQL                        : 
    DELETE 
    FROM
        clients
Hibernate: 
    DELETE 
    FROM
        clients
2025-06-23T12:13:07.523-02:30 DEBUG 67095 --- [tech-support-server] [           main] org.hibernate.SQL                        : 
    ALTER TABLE ticket_history ALTER COLUMN id RESTART WITH 1
Hibernate: 
    ALTER TABLE ticket_history ALTER COLUMN id RESTART WITH 1
2025-06-23T12:13:07.523-02:30 DEBUG 67095 --- [tech-support-server] [           main] org.hibernate.SQL                        : 
    ALTER TABLE feedback_entries ALTER COLUMN id RESTART WITH 1
Hibernate: 
    ALTER TABLE feedback_entries ALTER COLUMN id RESTART WITH 1
2025-06-23T12:13:07.523-02:30 DEBUG 67095 --- [tech-support-server] [           main] org.hibernate.SQL                        : 
    ALTER TABLE appointments ALTER COLUMN id RESTART WITH 1
Hibernate: 
    ALTER TABLE appointments ALTER COLUMN id RESTART WITH 1
2025-06-23T12:13:07.523-02:30 DEBUG 67095 --- [tech-support-server] [           main] org.hibernate.SQL                        : 
    ALTER TABLE tickets ALTER COLUMN id RESTART WITH 1
Hibernate: 
    ALTER TABLE tickets ALTER COLUMN id RESTART WITH 1
2025-06-23T12:13:07.524-02:30 DEBUG 67095 --- [tech-support-server] [           main] org.hibernate.SQL                        : 
    ALTER TABLE technician_skills ALTER COLUMN id RESTART WITH 1
Hibernate: 
    ALTER TABLE technician_skills ALTER COLUMN id RESTART WITH 1
2025-06-23T12:13:07.524-02:30 DEBUG 67095 --- [tech-support-server] [           main] org.hibernate.SQL                        : 
    ALTER TABLE technicians ALTER COLUMN id RESTART WITH 1
Hibernate: 
    ALTER TABLE technicians ALTER COLUMN id RESTART WITH 1
2025-06-23T12:13:07.524-02:30 DEBUG 67095 --- [tech-support-server] [           main] org.hibernate.SQL                        : 
    ALTER TABLE clients ALTER COLUMN id RESTART WITH 1
Hibernate: 
    ALTER TABLE clients ALTER COLUMN id RESTART WITH 1
2025-06-23T12:13:07.525-02:30 DEBUG 67095 --- [tech-support-server] [           main] org.hibernate.SQL                        : 
    insert 
    into
        clients
        (address, created_at, email, first_name, last_name, notes, phone, status, updated_at, id) 
    values
        (?, ?, ?, ?, ?, ?, ?, ?, ?, default)
Hibernate: 
    insert 
    into
        clients
        (address, created_at, email, first_name, last_name, notes, phone, status, updated_at, id) 
    values
        (?, ?, ?, ?, ?, ?, ?, ?, ?, default)
2025-06-23T12:13:07.527-02:30 DEBUG 67095 --- [tech-support-server] [           main] org.hibernate.SQL                        : 
    insert 
    into
        tickets
        (technician_id, client_id, created_at, description, due_at, service_type, status, id) 
    values
        (?, ?, ?, ?, ?, ?, ?, default)
Hibernate: 
    insert 
    into
        tickets
        (technician_id, client_id, created_at, description, due_at, service_type, status, id) 
    values
        (?, ?, ?, ?, ?, ?, ?, default)
2025-06-23T12:13:07.528-02:30 DEBUG 67095 --- [tech-support-server] [           main] org.hibernate.SQL                        : 
    insert 
    into
        clients
        (address, created_at, email, first_name, last_name, notes, phone, status, updated_at, id) 
    values
        (?, ?, ?, ?, ?, ?, ?, ?, ?, default)
Hibernate: 
    insert 
    into
        clients
        (address, created_at, email, first_name, last_name, notes, phone, status, updated_at, id) 
    values
        (?, ?, ?, ?, ?, ?, ?, ?, ?, default)
2025-06-23T12:13:07.529-02:30 DEBUG 67095 --- [tech-support-server] [           main] org.hibernate.SQL                        : 
    insert 
    into
        tickets
        (technician_id, client_id, created_at, description, due_at, service_type, status, id) 
    values
        (?, ?, ?, ?, ?, ?, ?, default)
Hibernate: 
    insert 
    into
        tickets
        (technician_id, client_id, created_at, description, due_at, service_type, status, id) 
    values
        (?, ?, ?, ?, ?, ?, ?, default)
2025-06-23T12:13:07.530-02:30 DEBUG 67095 --- [tech-support-server] [           main] org.hibernate.SQL                        : 
    insert 
    into
        clients
        (address, created_at, email, first_name, last_name, notes, phone, status, updated_at, id) 
    values
        (?, ?, ?, ?, ?, ?, ?, ?, ?, default)
Hibernate: 
    insert 
    into
        clients
        (address, created_at, email, first_name, last_name, notes, phone, status, updated_at, id) 
    values
        (?, ?, ?, ?, ?, ?, ?, ?, ?, default)
2025-06-23T12:13:07.531-02:30 DEBUG 67095 --- [tech-support-server] [           main] org.hibernate.SQL                        : 
    insert 
    into
        tickets
        (technician_id, client_id, created_at, description, due_at, service_type, status, id) 
    values
        (?, ?, ?, ?, ?, ?, ?, default)
Hibernate: 
    insert 
    into
        tickets
        (technician_id, client_id, created_at, description, due_at, service_type, status, id) 
    values
        (?, ?, ?, ?, ?, ?, ?, default)
2025-06-23T12:13:07.532-02:30 DEBUG 67095 --- [tech-support-server] [           main] org.hibernate.SQL                        : 
    insert 
    into
        clients
        (address, created_at, email, first_name, last_name, notes, phone, status, updated_at, id) 
    values
        (?, ?, ?, ?, ?, ?, ?, ?, ?, default)
Hibernate: 
    insert 
    into
        clients
        (address, created_at, email, first_name, last_name, notes, phone, status, updated_at, id) 
    values
        (?, ?, ?, ?, ?, ?, ?, ?, ?, default)
2025-06-23T12:13:07.532-02:30 DEBUG 67095 --- [tech-support-server] [           main] org.hibernate.SQL                        : 
    insert 
    into
        tickets
        (technician_id, client_id, created_at, description, due_at, service_type, status, id) 
    values
        (?, ?, ?, ?, ?, ?, ?, default)
Hibernate: 
    insert 
    into
        tickets
        (technician_id, client_id, created_at, description, due_at, service_type, status, id) 
    values
        (?, ?, ?, ?, ?, ?, ?, default)
2025-06-23T12:13:07.533-02:30 DEBUG 67095 --- [tech-support-server] [           main] org.hibernate.SQL                        : 
    insert 
    into
        clients
        (address, created_at, email, first_name, last_name, notes, phone, status, updated_at, id) 
    values
        (?, ?, ?, ?, ?, ?, ?, ?, ?, default)
Hibernate: 
    insert 
    into
        clients
        (address, created_at, email, first_name, last_name, notes, phone, status, updated_at, id) 
    values
        (?, ?, ?, ?, ?, ?, ?, ?, ?, default)
2025-06-23T12:13:07.534-02:30 DEBUG 67095 --- [tech-support-server] [           main] org.hibernate.SQL                        : 
    insert 
    into
        tickets
        (technician_id, client_id, created_at, description, due_at, service_type, status, id) 
    values
        (?, ?, ?, ?, ?, ?, ?, default)
Hibernate: 
    insert 
    into
        tickets
        (technician_id, client_id, created_at, description, due_at, service_type, status, id) 
    values
        (?, ?, ?, ?, ?, ?, ?, default)
2025-06-23T12:13:07.535-02:30 DEBUG 67095 --- [tech-support-server] [           main] org.hibernate.SQL                        : 
    insert 
    into
        clients
        (address, created_at, email, first_name, last_name, notes, phone, status, updated_at, id) 
    values
        (?, ?, ?, ?, ?, ?, ?, ?, ?, default)
Hibernate: 
    insert 
    into
        clients
        (address, created_at, email, first_name, last_name, notes, phone, status, updated_at, id) 
    values
        (?, ?, ?, ?, ?, ?, ?, ?, ?, default)
2025-06-23T12:13:07.536-02:30 DEBUG 67095 --- [tech-support-server] [           main] org.hibernate.SQL                        : 
    insert 
    into
        tickets
        (technician_id, client_id, created_at, description, due_at, service_type, status, id) 
    values
        (?, ?, ?, ?, ?, ?, ?, default)
Hibernate: 
    insert 
    into
        tickets
        (technician_id, client_id, created_at, description, due_at, service_type, status, id) 
    values
        (?, ?, ?, ?, ?, ?, ?, default)
2025-06-23T12:13:07.537-02:30 DEBUG 67095 --- [tech-support-server] [           main] org.hibernate.SQL                        : 
    insert 
    into
        clients
        (address, created_at, email, first_name, last_name, notes, phone, status, updated_at, id) 
    values
        (?, ?, ?, ?, ?, ?, ?, ?, ?, default)
Hibernate: 
    insert 
    into
        clients
        (address, created_at, email, first_name, last_name, notes, phone, status, updated_at, id) 
    values
        (?, ?, ?, ?, ?, ?, ?, ?, ?, default)
2025-06-23T12:13:07.538-02:30 DEBUG 67095 --- [tech-support-server] [           main] org.hibernate.SQL                        : 
    insert 
    into
        tickets
        (technician_id, client_id, created_at, description, due_at, service_type, status, id) 
    values
        (?, ?, ?, ?, ?, ?, ?, default)
Hibernate: 
    insert 
    into
        tickets
        (technician_id, client_id, created_at, description, due_at, service_type, status, id) 
    values
        (?, ?, ?, ?, ?, ?, ?, default)
2025-06-23T12:13:07.539-02:30 DEBUG 67095 --- [tech-support-server] [           main] org.hibernate.SQL                        : 
    insert 
    into
        clients
        (address, created_at, email, first_name, last_name, notes, phone, status, updated_at, id) 
    values
        (?, ?, ?, ?, ?, ?, ?, ?, ?, default)
Hibernate: 
    insert 
    into
        clients
        (address, created_at, email, first_name, last_name, notes, phone, status, updated_at, id) 
    values
        (?, ?, ?, ?, ?, ?, ?, ?, ?, default)
2025-06-23T12:13:07.540-02:30 DEBUG 67095 --- [tech-support-server] [           main] org.hibernate.SQL                        : 
    insert 
    into
        tickets
        (technician_id, client_id, created_at, description, due_at, service_type, status, id) 
    values
        (?, ?, ?, ?, ?, ?, ?, default)
Hibernate: 
    insert 
    into
        tickets
        (technician_id, client_id, created_at, description, due_at, service_type, status, id) 
    values
        (?, ?, ?, ?, ?, ?, ?, default)
2025-06-23T12:13:07.542-02:30 DEBUG 67095 --- [tech-support-server] [           main] org.hibernate.SQL                        : 
    insert 
    into
        clients
        (address, created_at, email, first_name, last_name, notes, phone, status, updated_at, id) 
    values
        (?, ?, ?, ?, ?, ?, ?, ?, ?, default)
Hibernate: 
    insert 
    into
        clients
        (address, created_at, email, first_name, last_name, notes, phone, status, updated_at, id) 
    values
        (?, ?, ?, ?, ?, ?, ?, ?, ?, default)
2025-06-23T12:13:07.543-02:30 DEBUG 67095 --- [tech-support-server] [           main] org.hibernate.SQL                        : 
    insert 
    into
        tickets
        (technician_id, client_id, created_at, description, due_at, service_type, status, id) 
    values
        (?, ?, ?, ?, ?, ?, ?, default)
Hibernate: 
    insert 
    into
        tickets
        (technician_id, client_id, created_at, description, due_at, service_type, status, id) 
    values
        (?, ?, ?, ?, ?, ?, ?, default)
2025-06-23T12:13:07.544-02:30 DEBUG 67095 --- [tech-support-server] [           main] org.hibernate.SQL                        : 
    insert 
    into
        clients
        (address, created_at, email, first_name, last_name, notes, phone, status, updated_at, id) 
    values
        (?, ?, ?, ?, ?, ?, ?, ?, ?, default)
Hibernate: 
    insert 
    into
        clients
        (address, created_at, email, first_name, last_name, notes, phone, status, updated_at, id) 
    values
        (?, ?, ?, ?, ?, ?, ?, ?, ?, default)
2025-06-23T12:13:07.545-02:30 DEBUG 67095 --- [tech-support-server] [           main] org.hibernate.SQL                        : 
    insert 
    into
        tickets
        (technician_id, client_id, created_at, description, due_at, service_type, status, id) 
    values
        (?, ?, ?, ?, ?, ?, ?, default)
Hibernate: 
    insert 
    into
        tickets
        (technician_id, client_id, created_at, description, due_at, service_type, status, id) 
    values
        (?, ?, ?, ?, ?, ?, ?, default)
2025-06-23T12:13:07.549-02:30 DEBUG 67095 --- [tech-support-server] [           main] org.hibernate.SQL                        : 
    select
        t1_0.id,
        t1_0.technician_id,
        t1_0.client_id,
        t1_0.created_at,
        t1_0.description,
        t1_0.due_at,
        t1_0.service_type,
        t1_0.status 
    from
        tickets t1_0 
    where
        t1_0.status=? 
    order by
        t1_0.description 
    fetch
        first ? rows only
Hibernate: 
    select
        t1_0.id,
        t1_0.technician_id,
        t1_0.client_id,
        t1_0.created_at,
        t1_0.description,
        t1_0.due_at,
        t1_0.service_type,
        t1_0.status 
    from
        tickets t1_0 
    where
        t1_0.status=? 
    order by
        t1_0.description 
    fetch
        first ? rows only
2025-06-23T12:13:07.551-02:30 DEBUG 67095 --- [tech-support-server] [           main] org.hibernate.SQL                        : 
    select
        count(t1_0.id) 
    from
        tickets t1_0 
    where
        t1_0.status=?
Hibernate: 
    select
        count(t1_0.id) 
    from
        tickets t1_0 
    where
        t1_0.status=?
]]></system-out>
  </testcase>
  <testcase name="shouldHandleSortingByDueDateDescending" classname="com.localtechsupport.repository.TicketRepositoryTest$PaginationTests" time="0.047">
    <system-out><![CDATA[2025-06-23T12:13:07.584-02:30 DEBUG 67095 --- [tech-support-server] [           main] org.hibernate.SQL                        : 
    DELETE 
    FROM
        ticket_history
Hibernate: 
    DELETE 
    FROM
        ticket_history
2025-06-23T12:13:07.586-02:30 DEBUG 67095 --- [tech-support-server] [           main] org.hibernate.SQL                        : 
    DELETE 
    FROM
        feedback_entries
Hibernate: 
    DELETE 
    FROM
        feedback_entries
2025-06-23T12:13:07.586-02:30 DEBUG 67095 --- [tech-support-server] [           main] org.hibernate.SQL                        : 
    DELETE 
    FROM
        appointments
Hibernate: 
    DELETE 
    FROM
        appointments
2025-06-23T12:13:07.586-02:30 DEBUG 67095 --- [tech-support-server] [           main] org.hibernate.SQL                        : 
    DELETE 
    FROM
        tickets
Hibernate: 
    DELETE 
    FROM
        tickets
2025-06-23T12:13:07.587-02:30 DEBUG 67095 --- [tech-support-server] [           main] org.hibernate.SQL                        : 
    DELETE 
    FROM
        technician_skills
Hibernate: 
    DELETE 
    FROM
        technician_skills
2025-06-23T12:13:07.587-02:30 DEBUG 67095 --- [tech-support-server] [           main] org.hibernate.SQL                        : 
    DELETE 
    FROM
        technicians
Hibernate: 
    DELETE 
    FROM
        technicians
2025-06-23T12:13:07.587-02:30 DEBUG 67095 --- [tech-support-server] [           main] org.hibernate.SQL                        : 
    DELETE 
    FROM
        clients
Hibernate: 
    DELETE 
    FROM
        clients
2025-06-23T12:13:07.587-02:30 DEBUG 67095 --- [tech-support-server] [           main] org.hibernate.SQL                        : 
    ALTER TABLE ticket_history ALTER COLUMN id RESTART WITH 1
Hibernate: 
    ALTER TABLE ticket_history ALTER COLUMN id RESTART WITH 1
2025-06-23T12:13:07.588-02:30 DEBUG 67095 --- [tech-support-server] [           main] org.hibernate.SQL                        : 
    ALTER TABLE feedback_entries ALTER COLUMN id RESTART WITH 1
Hibernate: 
    ALTER TABLE feedback_entries ALTER COLUMN id RESTART WITH 1
2025-06-23T12:13:07.588-02:30 DEBUG 67095 --- [tech-support-server] [           main] org.hibernate.SQL                        : 
    ALTER TABLE appointments ALTER COLUMN id RESTART WITH 1
Hibernate: 
    ALTER TABLE appointments ALTER COLUMN id RESTART WITH 1
2025-06-23T12:13:07.588-02:30 DEBUG 67095 --- [tech-support-server] [           main] org.hibernate.SQL                        : 
    ALTER TABLE tickets ALTER COLUMN id RESTART WITH 1
Hibernate: 
    ALTER TABLE tickets ALTER COLUMN id RESTART WITH 1
2025-06-23T12:13:07.588-02:30 DEBUG 67095 --- [tech-support-server] [           main] org.hibernate.SQL                        : 
    ALTER TABLE technician_skills ALTER COLUMN id RESTART WITH 1
Hibernate: 
    ALTER TABLE technician_skills ALTER COLUMN id RESTART WITH 1
2025-06-23T12:13:07.588-02:30 DEBUG 67095 --- [tech-support-server] [           main] org.hibernate.SQL                        : 
    ALTER TABLE technicians ALTER COLUMN id RESTART WITH 1
Hibernate: 
    ALTER TABLE technicians ALTER COLUMN id RESTART WITH 1
2025-06-23T12:13:07.589-02:30 DEBUG 67095 --- [tech-support-server] [           main] org.hibernate.SQL                        : 
    ALTER TABLE clients ALTER COLUMN id RESTART WITH 1
Hibernate: 
    ALTER TABLE clients ALTER COLUMN id RESTART WITH 1
2025-06-23T12:13:07.590-02:30 DEBUG 67095 --- [tech-support-server] [           main] org.hibernate.SQL                        : 
    insert 
    into
        clients
        (address, created_at, email, first_name, last_name, notes, phone, status, updated_at, id) 
    values
        (?, ?, ?, ?, ?, ?, ?, ?, ?, default)
Hibernate: 
    insert 
    into
        clients
        (address, created_at, email, first_name, last_name, notes, phone, status, updated_at, id) 
    values
        (?, ?, ?, ?, ?, ?, ?, ?, ?, default)
2025-06-23T12:13:07.592-02:30 DEBUG 67095 --- [tech-support-server] [           main] org.hibernate.SQL                        : 
    insert 
    into
        tickets
        (technician_id, client_id, created_at, description, due_at, service_type, status, id) 
    values
        (?, ?, ?, ?, ?, ?, ?, default)
Hibernate: 
    insert 
    into
        tickets
        (technician_id, client_id, created_at, description, due_at, service_type, status, id) 
    values
        (?, ?, ?, ?, ?, ?, ?, default)
2025-06-23T12:13:07.594-02:30 DEBUG 67095 --- [tech-support-server] [           main] org.hibernate.SQL                        : 
    insert 
    into
        clients
        (address, created_at, email, first_name, last_name, notes, phone, status, updated_at, id) 
    values
        (?, ?, ?, ?, ?, ?, ?, ?, ?, default)
Hibernate: 
    insert 
    into
        clients
        (address, created_at, email, first_name, last_name, notes, phone, status, updated_at, id) 
    values
        (?, ?, ?, ?, ?, ?, ?, ?, ?, default)
2025-06-23T12:13:07.595-02:30 DEBUG 67095 --- [tech-support-server] [           main] org.hibernate.SQL                        : 
    insert 
    into
        tickets
        (technician_id, client_id, created_at, description, due_at, service_type, status, id) 
    values
        (?, ?, ?, ?, ?, ?, ?, default)
Hibernate: 
    insert 
    into
        tickets
        (technician_id, client_id, created_at, description, due_at, service_type, status, id) 
    values
        (?, ?, ?, ?, ?, ?, ?, default)
2025-06-23T12:13:07.596-02:30 DEBUG 67095 --- [tech-support-server] [           main] org.hibernate.SQL                        : 
    insert 
    into
        clients
        (address, created_at, email, first_name, last_name, notes, phone, status, updated_at, id) 
    values
        (?, ?, ?, ?, ?, ?, ?, ?, ?, default)
Hibernate: 
    insert 
    into
        clients
        (address, created_at, email, first_name, last_name, notes, phone, status, updated_at, id) 
    values
        (?, ?, ?, ?, ?, ?, ?, ?, ?, default)
2025-06-23T12:13:07.597-02:30 DEBUG 67095 --- [tech-support-server] [           main] org.hibernate.SQL                        : 
    insert 
    into
        tickets
        (technician_id, client_id, created_at, description, due_at, service_type, status, id) 
    values
        (?, ?, ?, ?, ?, ?, ?, default)
Hibernate: 
    insert 
    into
        tickets
        (technician_id, client_id, created_at, description, due_at, service_type, status, id) 
    values
        (?, ?, ?, ?, ?, ?, ?, default)
2025-06-23T12:13:07.599-02:30 DEBUG 67095 --- [tech-support-server] [           main] org.hibernate.SQL                        : 
    insert 
    into
        clients
        (address, created_at, email, first_name, last_name, notes, phone, status, updated_at, id) 
    values
        (?, ?, ?, ?, ?, ?, ?, ?, ?, default)
Hibernate: 
    insert 
    into
        clients
        (address, created_at, email, first_name, last_name, notes, phone, status, updated_at, id) 
    values
        (?, ?, ?, ?, ?, ?, ?, ?, ?, default)
2025-06-23T12:13:07.601-02:30 DEBUG 67095 --- [tech-support-server] [           main] org.hibernate.SQL                        : 
    insert 
    into
        tickets
        (technician_id, client_id, created_at, description, due_at, service_type, status, id) 
    values
        (?, ?, ?, ?, ?, ?, ?, default)
Hibernate: 
    insert 
    into
        tickets
        (technician_id, client_id, created_at, description, due_at, service_type, status, id) 
    values
        (?, ?, ?, ?, ?, ?, ?, default)
2025-06-23T12:13:07.603-02:30 DEBUG 67095 --- [tech-support-server] [           main] org.hibernate.SQL                        : 
    insert 
    into
        clients
        (address, created_at, email, first_name, last_name, notes, phone, status, updated_at, id) 
    values
        (?, ?, ?, ?, ?, ?, ?, ?, ?, default)
Hibernate: 
    insert 
    into
        clients
        (address, created_at, email, first_name, last_name, notes, phone, status, updated_at, id) 
    values
        (?, ?, ?, ?, ?, ?, ?, ?, ?, default)
2025-06-23T12:13:07.605-02:30 DEBUG 67095 --- [tech-support-server] [           main] org.hibernate.SQL                        : 
    insert 
    into
        tickets
        (technician_id, client_id, created_at, description, due_at, service_type, status, id) 
    values
        (?, ?, ?, ?, ?, ?, ?, default)
Hibernate: 
    insert 
    into
        tickets
        (technician_id, client_id, created_at, description, due_at, service_type, status, id) 
    values
        (?, ?, ?, ?, ?, ?, ?, default)
2025-06-23T12:13:07.606-02:30 DEBUG 67095 --- [tech-support-server] [           main] org.hibernate.SQL                        : 
    insert 
    into
        clients
        (address, created_at, email, first_name, last_name, notes, phone, status, updated_at, id) 
    values
        (?, ?, ?, ?, ?, ?, ?, ?, ?, default)
Hibernate: 
    insert 
    into
        clients
        (address, created_at, email, first_name, last_name, notes, phone, status, updated_at, id) 
    values
        (?, ?, ?, ?, ?, ?, ?, ?, ?, default)
2025-06-23T12:13:07.607-02:30 DEBUG 67095 --- [tech-support-server] [           main] org.hibernate.SQL                        : 
    insert 
    into
        tickets
        (technician_id, client_id, created_at, description, due_at, service_type, status, id) 
    values
        (?, ?, ?, ?, ?, ?, ?, default)
Hibernate: 
    insert 
    into
        tickets
        (technician_id, client_id, created_at, description, due_at, service_type, status, id) 
    values
        (?, ?, ?, ?, ?, ?, ?, default)
2025-06-23T12:13:07.608-02:30 DEBUG 67095 --- [tech-support-server] [           main] org.hibernate.SQL                        : 
    insert 
    into
        clients
        (address, created_at, email, first_name, last_name, notes, phone, status, updated_at, id) 
    values
        (?, ?, ?, ?, ?, ?, ?, ?, ?, default)
Hibernate: 
    insert 
    into
        clients
        (address, created_at, email, first_name, last_name, notes, phone, status, updated_at, id) 
    values
        (?, ?, ?, ?, ?, ?, ?, ?, ?, default)
2025-06-23T12:13:07.609-02:30 DEBUG 67095 --- [tech-support-server] [           main] org.hibernate.SQL                        : 
    insert 
    into
        tickets
        (technician_id, client_id, created_at, description, due_at, service_type, status, id) 
    values
        (?, ?, ?, ?, ?, ?, ?, default)
Hibernate: 
    insert 
    into
        tickets
        (technician_id, client_id, created_at, description, due_at, service_type, status, id) 
    values
        (?, ?, ?, ?, ?, ?, ?, default)
2025-06-23T12:13:07.610-02:30 DEBUG 67095 --- [tech-support-server] [           main] org.hibernate.SQL                        : 
    insert 
    into
        clients
        (address, created_at, email, first_name, last_name, notes, phone, status, updated_at, id) 
    values
        (?, ?, ?, ?, ?, ?, ?, ?, ?, default)
Hibernate: 
    insert 
    into
        clients
        (address, created_at, email, first_name, last_name, notes, phone, status, updated_at, id) 
    values
        (?, ?, ?, ?, ?, ?, ?, ?, ?, default)
2025-06-23T12:13:07.611-02:30 DEBUG 67095 --- [tech-support-server] [           main] org.hibernate.SQL                        : 
    insert 
    into
        tickets
        (technician_id, client_id, created_at, description, due_at, service_type, status, id) 
    values
        (?, ?, ?, ?, ?, ?, ?, default)
Hibernate: 
    insert 
    into
        tickets
        (technician_id, client_id, created_at, description, due_at, service_type, status, id) 
    values
        (?, ?, ?, ?, ?, ?, ?, default)
2025-06-23T12:13:07.612-02:30 DEBUG 67095 --- [tech-support-server] [           main] org.hibernate.SQL                        : 
    insert 
    into
        clients
        (address, created_at, email, first_name, last_name, notes, phone, status, updated_at, id) 
    values
        (?, ?, ?, ?, ?, ?, ?, ?, ?, default)
Hibernate: 
    insert 
    into
        clients
        (address, created_at, email, first_name, last_name, notes, phone, status, updated_at, id) 
    values
        (?, ?, ?, ?, ?, ?, ?, ?, ?, default)
2025-06-23T12:13:07.614-02:30 DEBUG 67095 --- [tech-support-server] [           main] org.hibernate.SQL                        : 
    insert 
    into
        tickets
        (technician_id, client_id, created_at, description, due_at, service_type, status, id) 
    values
        (?, ?, ?, ?, ?, ?, ?, default)
Hibernate: 
    insert 
    into
        tickets
        (technician_id, client_id, created_at, description, due_at, service_type, status, id) 
    values
        (?, ?, ?, ?, ?, ?, ?, default)
2025-06-23T12:13:07.615-02:30 DEBUG 67095 --- [tech-support-server] [           main] org.hibernate.SQL                        : 
    insert 
    into
        clients
        (address, created_at, email, first_name, last_name, notes, phone, status, updated_at, id) 
    values
        (?, ?, ?, ?, ?, ?, ?, ?, ?, default)
Hibernate: 
    insert 
    into
        clients
        (address, created_at, email, first_name, last_name, notes, phone, status, updated_at, id) 
    values
        (?, ?, ?, ?, ?, ?, ?, ?, ?, default)
2025-06-23T12:13:07.615-02:30 DEBUG 67095 --- [tech-support-server] [           main] org.hibernate.SQL                        : 
    insert 
    into
        tickets
        (technician_id, client_id, created_at, description, due_at, service_type, status, id) 
    values
        (?, ?, ?, ?, ?, ?, ?, default)
Hibernate: 
    insert 
    into
        tickets
        (technician_id, client_id, created_at, description, due_at, service_type, status, id) 
    values
        (?, ?, ?, ?, ?, ?, ?, default)
2025-06-23T12:13:07.618-02:30 DEBUG 67095 --- [tech-support-server] [           main] org.hibernate.SQL                        : 
    select
        t1_0.id,
        t1_0.technician_id,
        t1_0.client_id,
        t1_0.created_at,
        t1_0.description,
        t1_0.due_at,
        t1_0.service_type,
        t1_0.status 
    from
        tickets t1_0 
    where
        t1_0.status=? 
    order by
        t1_0.due_at desc 
    fetch
        first ? rows only
Hibernate: 
    select
        t1_0.id,
        t1_0.technician_id,
        t1_0.client_id,
        t1_0.created_at,
        t1_0.description,
        t1_0.due_at,
        t1_0.service_type,
        t1_0.status 
    from
        tickets t1_0 
    where
        t1_0.status=? 
    order by
        t1_0.due_at desc 
    fetch
        first ? rows only
2025-06-23T12:13:07.621-02:30 DEBUG 67095 --- [tech-support-server] [           main] org.hibernate.SQL                        : 
    select
        count(t1_0.id) 
    from
        tickets t1_0 
    where
        t1_0.status=?
Hibernate: 
    select
        count(t1_0.id) 
    from
        tickets t1_0 
    where
        t1_0.status=?
]]></system-out>
  </testcase>
  <testcase name="shouldHandleMiddlePageCorrectly" classname="com.localtechsupport.repository.TicketRepositoryTest$PaginationTests" time="0.047">
    <system-out><![CDATA[2025-06-23T12:13:07.631-02:30 DEBUG 67095 --- [tech-support-server] [           main] org.hibernate.SQL                        : 
    DELETE 
    FROM
        ticket_history
Hibernate: 
    DELETE 
    FROM
        ticket_history
2025-06-23T12:13:07.632-02:30 DEBUG 67095 --- [tech-support-server] [           main] org.hibernate.SQL                        : 
    DELETE 
    FROM
        feedback_entries
Hibernate: 
    DELETE 
    FROM
        feedback_entries
2025-06-23T12:13:07.633-02:30 DEBUG 67095 --- [tech-support-server] [           main] org.hibernate.SQL                        : 
    DELETE 
    FROM
        appointments
Hibernate: 
    DELETE 
    FROM
        appointments
2025-06-23T12:13:07.633-02:30 DEBUG 67095 --- [tech-support-server] [           main] org.hibernate.SQL                        : 
    DELETE 
    FROM
        tickets
Hibernate: 
    DELETE 
    FROM
        tickets
2025-06-23T12:13:07.633-02:30 DEBUG 67095 --- [tech-support-server] [           main] org.hibernate.SQL                        : 
    DELETE 
    FROM
        technician_skills
Hibernate: 
    DELETE 
    FROM
        technician_skills
2025-06-23T12:13:07.634-02:30 DEBUG 67095 --- [tech-support-server] [           main] org.hibernate.SQL                        : 
    DELETE 
    FROM
        technicians
Hibernate: 
    DELETE 
    FROM
        technicians
2025-06-23T12:13:07.634-02:30 DEBUG 67095 --- [tech-support-server] [           main] org.hibernate.SQL                        : 
    DELETE 
    FROM
        clients
Hibernate: 
    DELETE 
    FROM
        clients
2025-06-23T12:13:07.634-02:30 DEBUG 67095 --- [tech-support-server] [           main] org.hibernate.SQL                        : 
    ALTER TABLE ticket_history ALTER COLUMN id RESTART WITH 1
Hibernate: 
    ALTER TABLE ticket_history ALTER COLUMN id RESTART WITH 1
2025-06-23T12:13:07.635-02:30 DEBUG 67095 --- [tech-support-server] [           main] org.hibernate.SQL                        : 
    ALTER TABLE feedback_entries ALTER COLUMN id RESTART WITH 1
Hibernate: 
    ALTER TABLE feedback_entries ALTER COLUMN id RESTART WITH 1
2025-06-23T12:13:07.636-02:30 DEBUG 67095 --- [tech-support-server] [           main] org.hibernate.SQL                        : 
    ALTER TABLE appointments ALTER COLUMN id RESTART WITH 1
Hibernate: 
    ALTER TABLE appointments ALTER COLUMN id RESTART WITH 1
2025-06-23T12:13:07.637-02:30 DEBUG 67095 --- [tech-support-server] [           main] org.hibernate.SQL                        : 
    ALTER TABLE tickets ALTER COLUMN id RESTART WITH 1
Hibernate: 
    ALTER TABLE tickets ALTER COLUMN id RESTART WITH 1
2025-06-23T12:13:07.638-02:30 DEBUG 67095 --- [tech-support-server] [           main] org.hibernate.SQL                        : 
    ALTER TABLE technician_skills ALTER COLUMN id RESTART WITH 1
Hibernate: 
    ALTER TABLE technician_skills ALTER COLUMN id RESTART WITH 1
2025-06-23T12:13:07.638-02:30 DEBUG 67095 --- [tech-support-server] [           main] org.hibernate.SQL                        : 
    ALTER TABLE technicians ALTER COLUMN id RESTART WITH 1
Hibernate: 
    ALTER TABLE technicians ALTER COLUMN id RESTART WITH 1
2025-06-23T12:13:07.638-02:30 DEBUG 67095 --- [tech-support-server] [           main] org.hibernate.SQL                        : 
    ALTER TABLE clients ALTER COLUMN id RESTART WITH 1
Hibernate: 
    ALTER TABLE clients ALTER COLUMN id RESTART WITH 1
2025-06-23T12:13:07.644-02:30 DEBUG 67095 --- [tech-support-server] [           main] org.hibernate.SQL                        : 
    insert 
    into
        clients
        (address, created_at, email, first_name, last_name, notes, phone, status, updated_at, id) 
    values
        (?, ?, ?, ?, ?, ?, ?, ?, ?, default)
Hibernate: 
    insert 
    into
        clients
        (address, created_at, email, first_name, last_name, notes, phone, status, updated_at, id) 
    values
        (?, ?, ?, ?, ?, ?, ?, ?, ?, default)
2025-06-23T12:13:07.647-02:30 DEBUG 67095 --- [tech-support-server] [           main] org.hibernate.SQL                        : 
    insert 
    into
        tickets
        (technician_id, client_id, created_at, description, due_at, service_type, status, id) 
    values
        (?, ?, ?, ?, ?, ?, ?, default)
Hibernate: 
    insert 
    into
        tickets
        (technician_id, client_id, created_at, description, due_at, service_type, status, id) 
    values
        (?, ?, ?, ?, ?, ?, ?, default)
2025-06-23T12:13:07.648-02:30 DEBUG 67095 --- [tech-support-server] [           main] org.hibernate.SQL                        : 
    insert 
    into
        clients
        (address, created_at, email, first_name, last_name, notes, phone, status, updated_at, id) 
    values
        (?, ?, ?, ?, ?, ?, ?, ?, ?, default)
Hibernate: 
    insert 
    into
        clients
        (address, created_at, email, first_name, last_name, notes, phone, status, updated_at, id) 
    values
        (?, ?, ?, ?, ?, ?, ?, ?, ?, default)
2025-06-23T12:13:07.649-02:30 DEBUG 67095 --- [tech-support-server] [           main] org.hibernate.SQL                        : 
    insert 
    into
        tickets
        (technician_id, client_id, created_at, description, due_at, service_type, status, id) 
    values
        (?, ?, ?, ?, ?, ?, ?, default)
Hibernate: 
    insert 
    into
        tickets
        (technician_id, client_id, created_at, description, due_at, service_type, status, id) 
    values
        (?, ?, ?, ?, ?, ?, ?, default)
2025-06-23T12:13:07.650-02:30 DEBUG 67095 --- [tech-support-server] [           main] org.hibernate.SQL                        : 
    insert 
    into
        clients
        (address, created_at, email, first_name, last_name, notes, phone, status, updated_at, id) 
    values
        (?, ?, ?, ?, ?, ?, ?, ?, ?, default)
Hibernate: 
    insert 
    into
        clients
        (address, created_at, email, first_name, last_name, notes, phone, status, updated_at, id) 
    values
        (?, ?, ?, ?, ?, ?, ?, ?, ?, default)
2025-06-23T12:13:07.651-02:30 DEBUG 67095 --- [tech-support-server] [           main] org.hibernate.SQL                        : 
    insert 
    into
        tickets
        (technician_id, client_id, created_at, description, due_at, service_type, status, id) 
    values
        (?, ?, ?, ?, ?, ?, ?, default)
Hibernate: 
    insert 
    into
        tickets
        (technician_id, client_id, created_at, description, due_at, service_type, status, id) 
    values
        (?, ?, ?, ?, ?, ?, ?, default)
2025-06-23T12:13:07.653-02:30 DEBUG 67095 --- [tech-support-server] [           main] org.hibernate.SQL                        : 
    insert 
    into
        clients
        (address, created_at, email, first_name, last_name, notes, phone, status, updated_at, id) 
    values
        (?, ?, ?, ?, ?, ?, ?, ?, ?, default)
Hibernate: 
    insert 
    into
        clients
        (address, created_at, email, first_name, last_name, notes, phone, status, updated_at, id) 
    values
        (?, ?, ?, ?, ?, ?, ?, ?, ?, default)
2025-06-23T12:13:07.653-02:30 DEBUG 67095 --- [tech-support-server] [           main] org.hibernate.SQL                        : 
    insert 
    into
        tickets
        (technician_id, client_id, created_at, description, due_at, service_type, status, id) 
    values
        (?, ?, ?, ?, ?, ?, ?, default)
Hibernate: 
    insert 
    into
        tickets
        (technician_id, client_id, created_at, description, due_at, service_type, status, id) 
    values
        (?, ?, ?, ?, ?, ?, ?, default)
2025-06-23T12:13:07.654-02:30 DEBUG 67095 --- [tech-support-server] [           main] org.hibernate.SQL                        : 
    insert 
    into
        clients
        (address, created_at, email, first_name, last_name, notes, phone, status, updated_at, id) 
    values
        (?, ?, ?, ?, ?, ?, ?, ?, ?, default)
Hibernate: 
    insert 
    into
        clients
        (address, created_at, email, first_name, last_name, notes, phone, status, updated_at, id) 
    values
        (?, ?, ?, ?, ?, ?, ?, ?, ?, default)
2025-06-23T12:13:07.655-02:30 DEBUG 67095 --- [tech-support-server] [           main] org.hibernate.SQL                        : 
    insert 
    into
        tickets
        (technician_id, client_id, created_at, description, due_at, service_type, status, id) 
    values
        (?, ?, ?, ?, ?, ?, ?, default)
Hibernate: 
    insert 
    into
        tickets
        (technician_id, client_id, created_at, description, due_at, service_type, status, id) 
    values
        (?, ?, ?, ?, ?, ?, ?, default)
2025-06-23T12:13:07.656-02:30 DEBUG 67095 --- [tech-support-server] [           main] org.hibernate.SQL                        : 
    insert 
    into
        clients
        (address, created_at, email, first_name, last_name, notes, phone, status, updated_at, id) 
    values
        (?, ?, ?, ?, ?, ?, ?, ?, ?, default)
Hibernate: 
    insert 
    into
        clients
        (address, created_at, email, first_name, last_name, notes, phone, status, updated_at, id) 
    values
        (?, ?, ?, ?, ?, ?, ?, ?, ?, default)
2025-06-23T12:13:07.657-02:30 DEBUG 67095 --- [tech-support-server] [           main] org.hibernate.SQL                        : 
    insert 
    into
        tickets
        (technician_id, client_id, created_at, description, due_at, service_type, status, id) 
    values
        (?, ?, ?, ?, ?, ?, ?, default)
Hibernate: 
    insert 
    into
        tickets
        (technician_id, client_id, created_at, description, due_at, service_type, status, id) 
    values
        (?, ?, ?, ?, ?, ?, ?, default)
2025-06-23T12:13:07.659-02:30 DEBUG 67095 --- [tech-support-server] [           main] org.hibernate.SQL                        : 
    insert 
    into
        clients
        (address, created_at, email, first_name, last_name, notes, phone, status, updated_at, id) 
    values
        (?, ?, ?, ?, ?, ?, ?, ?, ?, default)
Hibernate: 
    insert 
    into
        clients
        (address, created_at, email, first_name, last_name, notes, phone, status, updated_at, id) 
    values
        (?, ?, ?, ?, ?, ?, ?, ?, ?, default)
2025-06-23T12:13:07.660-02:30 DEBUG 67095 --- [tech-support-server] [           main] org.hibernate.SQL                        : 
    insert 
    into
        tickets
        (technician_id, client_id, created_at, description, due_at, service_type, status, id) 
    values
        (?, ?, ?, ?, ?, ?, ?, default)
Hibernate: 
    insert 
    into
        tickets
        (technician_id, client_id, created_at, description, due_at, service_type, status, id) 
    values
        (?, ?, ?, ?, ?, ?, ?, default)
2025-06-23T12:13:07.662-02:30 DEBUG 67095 --- [tech-support-server] [           main] org.hibernate.SQL                        : 
    insert 
    into
        clients
        (address, created_at, email, first_name, last_name, notes, phone, status, updated_at, id) 
    values
        (?, ?, ?, ?, ?, ?, ?, ?, ?, default)
Hibernate: 
    insert 
    into
        clients
        (address, created_at, email, first_name, last_name, notes, phone, status, updated_at, id) 
    values
        (?, ?, ?, ?, ?, ?, ?, ?, ?, default)
2025-06-23T12:13:07.662-02:30 DEBUG 67095 --- [tech-support-server] [           main] org.hibernate.SQL                        : 
    insert 
    into
        tickets
        (technician_id, client_id, created_at, description, due_at, service_type, status, id) 
    values
        (?, ?, ?, ?, ?, ?, ?, default)
Hibernate: 
    insert 
    into
        tickets
        (technician_id, client_id, created_at, description, due_at, service_type, status, id) 
    values
        (?, ?, ?, ?, ?, ?, ?, default)
2025-06-23T12:13:07.664-02:30 DEBUG 67095 --- [tech-support-server] [           main] org.hibernate.SQL                        : 
    insert 
    into
        clients
        (address, created_at, email, first_name, last_name, notes, phone, status, updated_at, id) 
    values
        (?, ?, ?, ?, ?, ?, ?, ?, ?, default)
Hibernate: 
    insert 
    into
        clients
        (address, created_at, email, first_name, last_name, notes, phone, status, updated_at, id) 
    values
        (?, ?, ?, ?, ?, ?, ?, ?, ?, default)
2025-06-23T12:13:07.665-02:30 DEBUG 67095 --- [tech-support-server] [           main] org.hibernate.SQL                        : 
    insert 
    into
        tickets
        (technician_id, client_id, created_at, description, due_at, service_type, status, id) 
    values
        (?, ?, ?, ?, ?, ?, ?, default)
Hibernate: 
    insert 
    into
        tickets
        (technician_id, client_id, created_at, description, due_at, service_type, status, id) 
    values
        (?, ?, ?, ?, ?, ?, ?, default)
2025-06-23T12:13:07.666-02:30 DEBUG 67095 --- [tech-support-server] [           main] org.hibernate.SQL                        : 
    insert 
    into
        clients
        (address, created_at, email, first_name, last_name, notes, phone, status, updated_at, id) 
    values
        (?, ?, ?, ?, ?, ?, ?, ?, ?, default)
Hibernate: 
    insert 
    into
        clients
        (address, created_at, email, first_name, last_name, notes, phone, status, updated_at, id) 
    values
        (?, ?, ?, ?, ?, ?, ?, ?, ?, default)
2025-06-23T12:13:07.667-02:30 DEBUG 67095 --- [tech-support-server] [           main] org.hibernate.SQL                        : 
    insert 
    into
        tickets
        (technician_id, client_id, created_at, description, due_at, service_type, status, id) 
    values
        (?, ?, ?, ?, ?, ?, ?, default)
Hibernate: 
    insert 
    into
        tickets
        (technician_id, client_id, created_at, description, due_at, service_type, status, id) 
    values
        (?, ?, ?, ?, ?, ?, ?, default)
2025-06-23T12:13:07.670-02:30 DEBUG 67095 --- [tech-support-server] [           main] org.hibernate.SQL                        : 
    select
        t1_0.id,
        t1_0.technician_id,
        t1_0.client_id,
        t1_0.created_at,
        t1_0.description,
        t1_0.due_at,
        t1_0.service_type,
        t1_0.status 
    from
        tickets t1_0 
    where
        t1_0.status=? 
    offset
        ? rows 
    fetch
        first ? rows only
Hibernate: 
    select
        t1_0.id,
        t1_0.technician_id,
        t1_0.client_id,
        t1_0.created_at,
        t1_0.description,
        t1_0.due_at,
        t1_0.service_type,
        t1_0.status 
    from
        tickets t1_0 
    where
        t1_0.status=? 
    offset
        ? rows 
    fetch
        first ? rows only
2025-06-23T12:13:07.672-02:30 DEBUG 67095 --- [tech-support-server] [           main] org.hibernate.SQL                        : 
    select
        count(t1_0.id) 
    from
        tickets t1_0 
    where
        t1_0.status=?
Hibernate: 
    select
        count(t1_0.id) 
    from
        tickets t1_0 
    where
        t1_0.status=?
]]></system-out>
  </testcase>
  <testcase name="shouldHandleLastPageCorrectly" classname="com.localtechsupport.repository.TicketRepositoryTest$PaginationTests" time="0.03">
    <system-out><![CDATA[2025-06-23T12:13:07.679-02:30 DEBUG 67095 --- [tech-support-server] [           main] org.hibernate.SQL                        : 
    DELETE 
    FROM
        ticket_history
Hibernate: 
    DELETE 
    FROM
        ticket_history
2025-06-23T12:13:07.680-02:30 DEBUG 67095 --- [tech-support-server] [           main] org.hibernate.SQL                        : 
    DELETE 
    FROM
        feedback_entries
Hibernate: 
    DELETE 
    FROM
        feedback_entries
2025-06-23T12:13:07.681-02:30 DEBUG 67095 --- [tech-support-server] [           main] org.hibernate.SQL                        : 
    DELETE 
    FROM
        appointments
Hibernate: 
    DELETE 
    FROM
        appointments
2025-06-23T12:13:07.681-02:30 DEBUG 67095 --- [tech-support-server] [           main] org.hibernate.SQL                        : 
    DELETE 
    FROM
        tickets
Hibernate: 
    DELETE 
    FROM
        tickets
2025-06-23T12:13:07.681-02:30 DEBUG 67095 --- [tech-support-server] [           main] org.hibernate.SQL                        : 
    DELETE 
    FROM
        technician_skills
Hibernate: 
    DELETE 
    FROM
        technician_skills
2025-06-23T12:13:07.681-02:30 DEBUG 67095 --- [tech-support-server] [           main] org.hibernate.SQL                        : 
    DELETE 
    FROM
        technicians
Hibernate: 
    DELETE 
    FROM
        technicians
2025-06-23T12:13:07.681-02:30 DEBUG 67095 --- [tech-support-server] [           main] org.hibernate.SQL                        : 
    DELETE 
    FROM
        clients
Hibernate: 
    DELETE 
    FROM
        clients
2025-06-23T12:13:07.681-02:30 DEBUG 67095 --- [tech-support-server] [           main] org.hibernate.SQL                        : 
    ALTER TABLE ticket_history ALTER COLUMN id RESTART WITH 1
Hibernate: 
    ALTER TABLE ticket_history ALTER COLUMN id RESTART WITH 1
2025-06-23T12:13:07.682-02:30 DEBUG 67095 --- [tech-support-server] [           main] org.hibernate.SQL                        : 
    ALTER TABLE feedback_entries ALTER COLUMN id RESTART WITH 1
Hibernate: 
    ALTER TABLE feedback_entries ALTER COLUMN id RESTART WITH 1
2025-06-23T12:13:07.682-02:30 DEBUG 67095 --- [tech-support-server] [           main] org.hibernate.SQL                        : 
    ALTER TABLE appointments ALTER COLUMN id RESTART WITH 1
Hibernate: 
    ALTER TABLE appointments ALTER COLUMN id RESTART WITH 1
2025-06-23T12:13:07.683-02:30 DEBUG 67095 --- [tech-support-server] [           main] org.hibernate.SQL                        : 
    ALTER TABLE tickets ALTER COLUMN id RESTART WITH 1
Hibernate: 
    ALTER TABLE tickets ALTER COLUMN id RESTART WITH 1
2025-06-23T12:13:07.683-02:30 DEBUG 67095 --- [tech-support-server] [           main] org.hibernate.SQL                        : 
    ALTER TABLE technician_skills ALTER COLUMN id RESTART WITH 1
Hibernate: 
    ALTER TABLE technician_skills ALTER COLUMN id RESTART WITH 1
2025-06-23T12:13:07.683-02:30 DEBUG 67095 --- [tech-support-server] [           main] org.hibernate.SQL                        : 
    ALTER TABLE technicians ALTER COLUMN id RESTART WITH 1
Hibernate: 
    ALTER TABLE technicians ALTER COLUMN id RESTART WITH 1
2025-06-23T12:13:07.684-02:30 DEBUG 67095 --- [tech-support-server] [           main] org.hibernate.SQL                        : 
    ALTER TABLE clients ALTER COLUMN id RESTART WITH 1
Hibernate: 
    ALTER TABLE clients ALTER COLUMN id RESTART WITH 1
2025-06-23T12:13:07.685-02:30 DEBUG 67095 --- [tech-support-server] [           main] org.hibernate.SQL                        : 
    insert 
    into
        clients
        (address, created_at, email, first_name, last_name, notes, phone, status, updated_at, id) 
    values
        (?, ?, ?, ?, ?, ?, ?, ?, ?, default)
Hibernate: 
    insert 
    into
        clients
        (address, created_at, email, first_name, last_name, notes, phone, status, updated_at, id) 
    values
        (?, ?, ?, ?, ?, ?, ?, ?, ?, default)
2025-06-23T12:13:07.686-02:30 DEBUG 67095 --- [tech-support-server] [           main] org.hibernate.SQL                        : 
    insert 
    into
        tickets
        (technician_id, client_id, created_at, description, due_at, service_type, status, id) 
    values
        (?, ?, ?, ?, ?, ?, ?, default)
Hibernate: 
    insert 
    into
        tickets
        (technician_id, client_id, created_at, description, due_at, service_type, status, id) 
    values
        (?, ?, ?, ?, ?, ?, ?, default)
2025-06-23T12:13:07.687-02:30 DEBUG 67095 --- [tech-support-server] [           main] org.hibernate.SQL                        : 
    insert 
    into
        clients
        (address, created_at, email, first_name, last_name, notes, phone, status, updated_at, id) 
    values
        (?, ?, ?, ?, ?, ?, ?, ?, ?, default)
Hibernate: 
    insert 
    into
        clients
        (address, created_at, email, first_name, last_name, notes, phone, status, updated_at, id) 
    values
        (?, ?, ?, ?, ?, ?, ?, ?, ?, default)
2025-06-23T12:13:07.688-02:30 DEBUG 67095 --- [tech-support-server] [           main] org.hibernate.SQL                        : 
    insert 
    into
        tickets
        (technician_id, client_id, created_at, description, due_at, service_type, status, id) 
    values
        (?, ?, ?, ?, ?, ?, ?, default)
Hibernate: 
    insert 
    into
        tickets
        (technician_id, client_id, created_at, description, due_at, service_type, status, id) 
    values
        (?, ?, ?, ?, ?, ?, ?, default)
2025-06-23T12:13:07.689-02:30 DEBUG 67095 --- [tech-support-server] [           main] org.hibernate.SQL                        : 
    insert 
    into
        clients
        (address, created_at, email, first_name, last_name, notes, phone, status, updated_at, id) 
    values
        (?, ?, ?, ?, ?, ?, ?, ?, ?, default)
Hibernate: 
    insert 
    into
        clients
        (address, created_at, email, first_name, last_name, notes, phone, status, updated_at, id) 
    values
        (?, ?, ?, ?, ?, ?, ?, ?, ?, default)
2025-06-23T12:13:07.690-02:30 DEBUG 67095 --- [tech-support-server] [           main] org.hibernate.SQL                        : 
    insert 
    into
        tickets
        (technician_id, client_id, created_at, description, due_at, service_type, status, id) 
    values
        (?, ?, ?, ?, ?, ?, ?, default)
Hibernate: 
    insert 
    into
        tickets
        (technician_id, client_id, created_at, description, due_at, service_type, status, id) 
    values
        (?, ?, ?, ?, ?, ?, ?, default)
2025-06-23T12:13:07.690-02:30 DEBUG 67095 --- [tech-support-server] [           main] org.hibernate.SQL                        : 
    insert 
    into
        clients
        (address, created_at, email, first_name, last_name, notes, phone, status, updated_at, id) 
    values
        (?, ?, ?, ?, ?, ?, ?, ?, ?, default)
Hibernate: 
    insert 
    into
        clients
        (address, created_at, email, first_name, last_name, notes, phone, status, updated_at, id) 
    values
        (?, ?, ?, ?, ?, ?, ?, ?, ?, default)
2025-06-23T12:13:07.691-02:30 DEBUG 67095 --- [tech-support-server] [           main] org.hibernate.SQL                        : 
    insert 
    into
        tickets
        (technician_id, client_id, created_at, description, due_at, service_type, status, id) 
    values
        (?, ?, ?, ?, ?, ?, ?, default)
Hibernate: 
    insert 
    into
        tickets
        (technician_id, client_id, created_at, description, due_at, service_type, status, id) 
    values
        (?, ?, ?, ?, ?, ?, ?, default)
2025-06-23T12:13:07.692-02:30 DEBUG 67095 --- [tech-support-server] [           main] org.hibernate.SQL                        : 
    insert 
    into
        clients
        (address, created_at, email, first_name, last_name, notes, phone, status, updated_at, id) 
    values
        (?, ?, ?, ?, ?, ?, ?, ?, ?, default)
Hibernate: 
    insert 
    into
        clients
        (address, created_at, email, first_name, last_name, notes, phone, status, updated_at, id) 
    values
        (?, ?, ?, ?, ?, ?, ?, ?, ?, default)
2025-06-23T12:13:07.693-02:30 DEBUG 67095 --- [tech-support-server] [           main] org.hibernate.SQL                        : 
    insert 
    into
        tickets
        (technician_id, client_id, created_at, description, due_at, service_type, status, id) 
    values
        (?, ?, ?, ?, ?, ?, ?, default)
Hibernate: 
    insert 
    into
        tickets
        (technician_id, client_id, created_at, description, due_at, service_type, status, id) 
    values
        (?, ?, ?, ?, ?, ?, ?, default)
2025-06-23T12:13:07.693-02:30 DEBUG 67095 --- [tech-support-server] [           main] org.hibernate.SQL                        : 
    insert 
    into
        clients
        (address, created_at, email, first_name, last_name, notes, phone, status, updated_at, id) 
    values
        (?, ?, ?, ?, ?, ?, ?, ?, ?, default)
Hibernate: 
    insert 
    into
        clients
        (address, created_at, email, first_name, last_name, notes, phone, status, updated_at, id) 
    values
        (?, ?, ?, ?, ?, ?, ?, ?, ?, default)
2025-06-23T12:13:07.694-02:30 DEBUG 67095 --- [tech-support-server] [           main] org.hibernate.SQL                        : 
    insert 
    into
        tickets
        (technician_id, client_id, created_at, description, due_at, service_type, status, id) 
    values
        (?, ?, ?, ?, ?, ?, ?, default)
Hibernate: 
    insert 
    into
        tickets
        (technician_id, client_id, created_at, description, due_at, service_type, status, id) 
    values
        (?, ?, ?, ?, ?, ?, ?, default)
2025-06-23T12:13:07.695-02:30 DEBUG 67095 --- [tech-support-server] [           main] org.hibernate.SQL                        : 
    insert 
    into
        clients
        (address, created_at, email, first_name, last_name, notes, phone, status, updated_at, id) 
    values
        (?, ?, ?, ?, ?, ?, ?, ?, ?, default)
Hibernate: 
    insert 
    into
        clients
        (address, created_at, email, first_name, last_name, notes, phone, status, updated_at, id) 
    values
        (?, ?, ?, ?, ?, ?, ?, ?, ?, default)
2025-06-23T12:13:07.696-02:30 DEBUG 67095 --- [tech-support-server] [           main] org.hibernate.SQL                        : 
    insert 
    into
        tickets
        (technician_id, client_id, created_at, description, due_at, service_type, status, id) 
    values
        (?, ?, ?, ?, ?, ?, ?, default)
Hibernate: 
    insert 
    into
        tickets
        (technician_id, client_id, created_at, description, due_at, service_type, status, id) 
    values
        (?, ?, ?, ?, ?, ?, ?, default)
2025-06-23T12:13:07.697-02:30 DEBUG 67095 --- [tech-support-server] [           main] org.hibernate.SQL                        : 
    insert 
    into
        clients
        (address, created_at, email, first_name, last_name, notes, phone, status, updated_at, id) 
    values
        (?, ?, ?, ?, ?, ?, ?, ?, ?, default)
Hibernate: 
    insert 
    into
        clients
        (address, created_at, email, first_name, last_name, notes, phone, status, updated_at, id) 
    values
        (?, ?, ?, ?, ?, ?, ?, ?, ?, default)
2025-06-23T12:13:07.698-02:30 DEBUG 67095 --- [tech-support-server] [           main] org.hibernate.SQL                        : 
    insert 
    into
        tickets
        (technician_id, client_id, created_at, description, due_at, service_type, status, id) 
    values
        (?, ?, ?, ?, ?, ?, ?, default)
Hibernate: 
    insert 
    into
        tickets
        (technician_id, client_id, created_at, description, due_at, service_type, status, id) 
    values
        (?, ?, ?, ?, ?, ?, ?, default)
2025-06-23T12:13:07.699-02:30 DEBUG 67095 --- [tech-support-server] [           main] org.hibernate.SQL                        : 
    insert 
    into
        clients
        (address, created_at, email, first_name, last_name, notes, phone, status, updated_at, id) 
    values
        (?, ?, ?, ?, ?, ?, ?, ?, ?, default)
Hibernate: 
    insert 
    into
        clients
        (address, created_at, email, first_name, last_name, notes, phone, status, updated_at, id) 
    values
        (?, ?, ?, ?, ?, ?, ?, ?, ?, default)
2025-06-23T12:13:07.699-02:30 DEBUG 67095 --- [tech-support-server] [           main] org.hibernate.SQL                        : 
    insert 
    into
        tickets
        (technician_id, client_id, created_at, description, due_at, service_type, status, id) 
    values
        (?, ?, ?, ?, ?, ?, ?, default)
Hibernate: 
    insert 
    into
        tickets
        (technician_id, client_id, created_at, description, due_at, service_type, status, id) 
    values
        (?, ?, ?, ?, ?, ?, ?, default)
2025-06-23T12:13:07.700-02:30 DEBUG 67095 --- [tech-support-server] [           main] org.hibernate.SQL                        : 
    insert 
    into
        clients
        (address, created_at, email, first_name, last_name, notes, phone, status, updated_at, id) 
    values
        (?, ?, ?, ?, ?, ?, ?, ?, ?, default)
Hibernate: 
    insert 
    into
        clients
        (address, created_at, email, first_name, last_name, notes, phone, status, updated_at, id) 
    values
        (?, ?, ?, ?, ?, ?, ?, ?, ?, default)
2025-06-23T12:13:07.701-02:30 DEBUG 67095 --- [tech-support-server] [           main] org.hibernate.SQL                        : 
    insert 
    into
        tickets
        (technician_id, client_id, created_at, description, due_at, service_type, status, id) 
    values
        (?, ?, ?, ?, ?, ?, ?, default)
Hibernate: 
    insert 
    into
        tickets
        (technician_id, client_id, created_at, description, due_at, service_type, status, id) 
    values
        (?, ?, ?, ?, ?, ?, ?, default)
2025-06-23T12:13:07.703-02:30 DEBUG 67095 --- [tech-support-server] [           main] org.hibernate.SQL                        : 
    select
        t1_0.id,
        t1_0.technician_id,
        t1_0.client_id,
        t1_0.created_at,
        t1_0.description,
        t1_0.due_at,
        t1_0.service_type,
        t1_0.status 
    from
        tickets t1_0 
    where
        t1_0.status=? 
    offset
        ? rows 
    fetch
        first ? rows only
Hibernate: 
    select
        t1_0.id,
        t1_0.technician_id,
        t1_0.client_id,
        t1_0.created_at,
        t1_0.description,
        t1_0.due_at,
        t1_0.service_type,
        t1_0.status 
    from
        tickets t1_0 
    where
        t1_0.status=? 
    offset
        ? rows 
    fetch
        first ? rows only
]]></system-out>
  </testcase>
</testsuite>